{"/home/devikanth/Desktop/my-app/src/AgeCalculaor.js": {"path":"/home/devikanth/Desktop/my-app/src/AgeCalculaor.js","statementMap":{"0":{"start":{"line":3,"column":21},"end":{"line":33,"column":1}},"1":{"start":{"line":6,"column":38},"end":{"line":6,"column":52}},"2":{"start":{"line":7,"column":21},"end":{"line":7,"column":31}},"3":{"start":{"line":8,"column":20},"end":{"line":8,"column":58}},"4":{"start":{"line":9,"column":25},"end":{"line":13,"column":5}},"5":{"start":{"line":10,"column":8},"end":{"line":10,"column":35}},"6":{"start":{"line":11,"column":8},"end":{"line":11,"column":47}},"7":{"start":{"line":19,"column":0},"end":{"line":19,"column":40}},"8":{"start":{"line":20,"column":22},"end":{"line":20,"column":57}},"9":{"start":{"line":21,"column":0},"end":{"line":21,"column":46}},"10":{"start":{"line":26,"column":2},"end":{"line":32,"column":3}},"11":{"start":{"line":29,"column":43},"end":{"line":29,"column":58}}},"fnMap":{"0":{"name":"(anonymous_0)","decl":{"start":{"line":3,"column":21},"end":{"line":3,"column":22}},"loc":{"start":{"line":3,"column":27},"end":{"line":33,"column":1}},"line":3},"1":{"name":"(anonymous_1)","decl":{"start":{"line":9,"column":25},"end":{"line":9,"column":26}},"loc":{"start":{"line":9,"column":31},"end":{"line":13,"column":5}},"line":9},"2":{"name":"(anonymous_2)","decl":{"start":{"line":29,"column":37},"end":{"line":29,"column":38}},"loc":{"start":{"line":29,"column":42},"end":{"line":29,"column":59}},"line":29}},"branchMap":{"0":{"loc":{"start":{"line":30,"column":9},"end":{"line":30,"column":68}},"type":"cond-expr","locations":[{"start":{"line":30,"column":41},"end":{"line":30,"column":64}},{"start":{"line":30,"column":66},"end":{"line":30,"column":68}}],"line":30},"1":{"loc":{"start":{"line":30,"column":9},"end":{"line":30,"column":38}},"type":"binary-expr","locations":[{"start":{"line":30,"column":9},"end":{"line":30,"column":18}},{"start":{"line":30,"column":22},"end":{"line":30,"column":38}}],"line":30}},"s":{"0":0,"1":0,"2":0,"3":0,"4":0,"5":0,"6":0,"7":0,"8":0,"9":0,"10":0,"11":0},"f":{"0":0,"1":0,"2":0},"b":{"0":[0,0],"1":[0,0]}}
,"/home/devikanth/Desktop/my-app/src/App.js": {"path":"/home/devikanth/Desktop/my-app/src/App.js","statementMap":{"0":{"start":{"line":5,"column":2},"end":{"line":22,"column":4}}},"fnMap":{"0":{"name":"App","decl":{"start":{"line":4,"column":9},"end":{"line":4,"column":12}},"loc":{"start":{"line":4,"column":15},"end":{"line":23,"column":1}},"line":4}},"branchMap":{},"s":{"0":1},"f":{"0":1},"b":{},"_coverageSchema":"1a1c01bbd47fc00a2c39e90264f33305004495a9","hash":"76437aac42dc1421bf0b2570bd149ce13114c85f"}
,"/home/devikanth/Desktop/my-app/src/Axios.js": {"path":"/home/devikanth/Desktop/my-app/src/Axios.js","statementMap":{},"fnMap":{},"branchMap":{},"s":{},"f":{},"b":{}}
,"/home/devikanth/Desktop/my-app/src/BusSeatLayOut.js": {"path":"/home/devikanth/Desktop/my-app/src/BusSeatLayOut.js","statementMap":{"0":{"start":{"line":3,"column":22},"end":{"line":34,"column":1}},"1":{"start":{"line":6,"column":18},"end":{"line":6,"column":20}},"2":{"start":{"line":8,"column":4},"end":{"line":28,"column":5}},"3":{"start":{"line":8,"column":19},"end":{"line":8,"column":20}},"4":{"start":{"line":9,"column":6},"end":{"line":27,"column":7}},"5":{"start":{"line":9,"column":21},"end":{"line":9,"column":22}},"6":{"start":{"line":10,"column":8},"end":{"line":26,"column":9}},"7":{"start":{"line":11,"column":10},"end":{"line":19,"column":12}},"8":{"start":{"line":21,"column":10},"end":{"line":25,"column":12}},"9":{"start":{"line":30,"column":4},"end":{"line":30,"column":17}},"10":{"start":{"line":33,"column":2},"end":{"line":33,"column":64}}},"fnMap":{"0":{"name":"(anonymous_0)","decl":{"start":{"line":3,"column":22},"end":{"line":3,"column":23}},"loc":{"start":{"line":3,"column":28},"end":{"line":34,"column":1}},"line":3},"1":{"name":"renderSeats","decl":{"start":{"line":5,"column":12},"end":{"line":5,"column":23}},"loc":{"start":{"line":5,"column":26},"end":{"line":31,"column":3}},"line":5}},"branchMap":{"0":{"loc":{"start":{"line":10,"column":8},"end":{"line":26,"column":9}},"type":"if","locations":[{"start":{"line":10,"column":8},"end":{"line":26,"column":9}},{"start":{"line":20,"column":15},"end":{"line":26,"column":9}}],"line":10},"1":{"loc":{"start":{"line":10,"column":12},"end":{"line":10,"column":66}},"type":"binary-expr","locations":[{"start":{"line":10,"column":13},"end":{"line":10,"column":22}},{"start":{"line":10,"column":26},"end":{"line":10,"column":36}},{"start":{"line":10,"column":42},"end":{"line":10,"column":51}},{"start":{"line":10,"column":55},"end":{"line":10,"column":65}}],"line":10}},"s":{"0":1,"1":2,"2":2,"3":2,"4":12,"5":12,"6":144,"7":100,"8":44,"9":2,"10":2},"f":{"0":2,"1":2},"b":{"0":[100,44],"1":[144,24,122,24]},"_coverageSchema":"1a1c01bbd47fc00a2c39e90264f33305004495a9","hash":"67d8700ae4c6d5e9f72522b237eef5eaa5d46da0"}
,"/home/devikanth/Desktop/my-app/src/CheckBoxDelete.js": {"path":"/home/devikanth/Desktop/my-app/src/CheckBoxDelete.js","statementMap":{"0":{"start":{"line":3,"column":17},"end":{"line":46,"column":1}},"1":{"start":{"line":4,"column":17},"end":{"line":4,"column":46}},"2":{"start":{"line":5,"column":42},"end":{"line":5,"column":54}},"3":{"start":{"line":6,"column":44},"end":{"line":6,"column":60}},"4":{"start":{"line":7,"column":25},"end":{"line":13,"column":3}},"5":{"start":{"line":8,"column":4},"end":{"line":12,"column":5}},"6":{"start":{"line":9,"column":6},"end":{"line":9,"column":69}},"7":{"start":{"line":9,"column":52},"end":{"line":9,"column":66}},"8":{"start":{"line":11,"column":6},"end":{"line":11,"column":48}},"9":{"start":{"line":15,"column":23},"end":{"line":21,"column":3}},"10":{"start":{"line":16,"column":25},"end":{"line":16,"column":78}},"11":{"start":{"line":16,"column":55},"end":{"line":16,"column":77}},"12":{"start":{"line":17,"column":24},"end":{"line":17,"column":67}},"13":{"start":{"line":17,"column":52},"end":{"line":17,"column":66}},"14":{"start":{"line":19,"column":4},"end":{"line":19,"column":34}},"15":{"start":{"line":20,"column":4},"end":{"line":20,"column":39}},"16":{"start":{"line":23,"column":2},"end":{"line":45,"column":4}},"17":{"start":{"line":27,"column":26},"end":{"line":27,"column":54}},"18":{"start":{"line":29,"column":8},"end":{"line":42,"column":10}},"19":{"start":{"line":36,"column":32},"end":{"line":36,"column":53}},"20":{"start":{"line":40,"column":49},"end":{"line":40,"column":73}}},"fnMap":{"0":{"name":"(anonymous_0)","decl":{"start":{"line":3,"column":17},"end":{"line":3,"column":18}},"loc":{"start":{"line":3,"column":23},"end":{"line":46,"column":1}},"line":3},"1":{"name":"(anonymous_1)","decl":{"start":{"line":7,"column":25},"end":{"line":7,"column":26}},"loc":{"start":{"line":7,"column":36},"end":{"line":13,"column":3}},"line":7},"2":{"name":"(anonymous_2)","decl":{"start":{"line":9,"column":42},"end":{"line":9,"column":43}},"loc":{"start":{"line":9,"column":52},"end":{"line":9,"column":66}},"line":9},"3":{"name":"(anonymous_3)","decl":{"start":{"line":15,"column":23},"end":{"line":15,"column":24}},"loc":{"start":{"line":15,"column":48},"end":{"line":21,"column":3}},"line":15},"4":{"name":"(anonymous_4)","decl":{"start":{"line":16,"column":45},"end":{"line":16,"column":46}},"loc":{"start":{"line":16,"column":55},"end":{"line":16,"column":77}},"line":16},"5":{"name":"(anonymous_5)","decl":{"start":{"line":17,"column":44},"end":{"line":17,"column":45}},"loc":{"start":{"line":17,"column":52},"end":{"line":17,"column":66}},"line":17},"6":{"name":"(anonymous_6)","decl":{"start":{"line":26,"column":24},"end":{"line":26,"column":25}},"loc":{"start":{"line":26,"column":41},"end":{"line":43,"column":7}},"line":26},"7":{"name":"(anonymous_7)","decl":{"start":{"line":36,"column":26},"end":{"line":36,"column":27}},"loc":{"start":{"line":36,"column":32},"end":{"line":36,"column":53}},"line":36},"8":{"name":"(anonymous_8)","decl":{"start":{"line":40,"column":43},"end":{"line":40,"column":44}},"loc":{"start":{"line":40,"column":49},"end":{"line":40,"column":73}},"line":40}},"branchMap":{"0":{"loc":{"start":{"line":8,"column":4},"end":{"line":12,"column":5}},"type":"if","locations":[{"start":{"line":8,"column":4},"end":{"line":12,"column":5}},{"start":{"line":10,"column":11},"end":{"line":12,"column":5}}],"line":8},"1":{"loc":{"start":{"line":40,"column":13},"end":{"line":40,"column":90}},"type":"binary-expr","locations":[{"start":{"line":40,"column":13},"end":{"line":40,"column":22}},{"start":{"line":40,"column":26},"end":{"line":40,"column":90}}],"line":40}},"s":{"0":0,"1":0,"2":0,"3":0,"4":0,"5":0,"6":0,"7":0,"8":0,"9":0,"10":0,"11":0,"12":0,"13":0,"14":0,"15":0,"16":0,"17":0,"18":0,"19":0,"20":0},"f":{"0":0,"1":0,"2":0,"3":0,"4":0,"5":0,"6":0,"7":0,"8":0},"b":{"0":[0,0],"1":[0,0]}}
,"/home/devikanth/Desktop/my-app/src/Collapse.js": {"path":"/home/devikanth/Desktop/my-app/src/Collapse.js","statementMap":{"0":{"start":{"line":3,"column":17},"end":{"line":52,"column":1}},"1":{"start":{"line":4,"column":2},"end":{"line":51,"column":3}}},"fnMap":{"0":{"name":"(anonymous_0)","decl":{"start":{"line":3,"column":17},"end":{"line":3,"column":18}},"loc":{"start":{"line":3,"column":23},"end":{"line":52,"column":1}},"line":3}},"branchMap":{},"s":{"0":0,"1":0},"f":{"0":0},"b":{}}
,"/home/devikanth/Desktop/my-app/src/Counter.js": {"path":"/home/devikanth/Desktop/my-app/src/Counter.js","statementMap":{"0":{"start":{"line":3,"column":16},"end":{"line":15,"column":1}},"1":{"start":{"line":4,"column":32},"end":{"line":4,"column":43}},"2":{"start":{"line":5,"column":20},"end":{"line":7,"column":3}},"3":{"start":{"line":6,"column":4},"end":{"line":6,"column":27}},"4":{"start":{"line":8,"column":2},"end":{"line":14,"column":3}},"5":{"start":{"line":12,"column":25},"end":{"line":12,"column":36}}},"fnMap":{"0":{"name":"(anonymous_0)","decl":{"start":{"line":3,"column":16},"end":{"line":3,"column":17}},"loc":{"start":{"line":3,"column":22},"end":{"line":15,"column":1}},"line":3},"1":{"name":"(anonymous_1)","decl":{"start":{"line":5,"column":20},"end":{"line":5,"column":21}},"loc":{"start":{"line":5,"column":26},"end":{"line":7,"column":3}},"line":5},"2":{"name":"(anonymous_2)","decl":{"start":{"line":12,"column":20},"end":{"line":12,"column":21}},"loc":{"start":{"line":12,"column":24},"end":{"line":12,"column":37}},"line":12}},"branchMap":{},"s":{"0":0,"1":0,"2":0,"3":0,"4":0,"5":0},"f":{"0":0,"1":0,"2":0},"b":{}}
,"/home/devikanth/Desktop/my-app/src/CrudOperation.js": {"path":"/home/devikanth/Desktop/my-app/src/CrudOperation.js","statementMap":{"0":{"start":{"line":3,"column":22},"end":{"line":109,"column":1}},"1":{"start":{"line":4,"column":38},"end":{"line":4,"column":50}},"2":{"start":{"line":5,"column":21},"end":{"line":5,"column":32}},"3":{"start":{"line":6,"column":41},"end":{"line":6,"column":53}},"4":{"start":{"line":7,"column":42},"end":{"line":7,"column":57}},"5":{"start":{"line":8,"column":16},"end":{"line":8,"column":24}},"6":{"start":{"line":9,"column":30},"end":{"line":12,"column":6}},"7":{"start":{"line":13,"column":21},"end":{"line":30,"column":5}},"8":{"start":{"line":14,"column":8},"end":{"line":29,"column":9}},"9":{"start":{"line":17,"column":20},"end":{"line":17,"column":37}},"10":{"start":{"line":19,"column":20},"end":{"line":26,"column":21}},"11":{"start":{"line":23,"column":107},"end":{"line":23,"column":126}},"12":{"start":{"line":24,"column":108},"end":{"line":24,"column":125}},"13":{"start":{"line":31,"column":4},"end":{"line":31,"column":67}},"14":{"start":{"line":32,"column":23},"end":{"line":35,"column":5}},"15":{"start":{"line":33,"column":8},"end":{"line":33,"column":31}},"16":{"start":{"line":34,"column":9},"end":{"line":34,"column":37}},"17":{"start":{"line":36,"column":21},"end":{"line":43,"column":5}},"18":{"start":{"line":37,"column":22},"end":{"line":37,"column":53}},"19":{"start":{"line":38,"column":25},"end":{"line":38,"column":64}},"20":{"start":{"line":38,"column":50},"end":{"line":38,"column":63}},"21":{"start":{"line":39,"column":8},"end":{"line":39,"column":29}},"22":{"start":{"line":40,"column":8},"end":{"line":40,"column":33}},"23":{"start":{"line":41,"column":8},"end":{"line":41,"column":37}},"24":{"start":{"line":42,"column":8},"end":{"line":42,"column":30}},"25":{"start":{"line":44,"column":20},"end":{"line":54,"column":5}},"26":{"start":{"line":46,"column":7},"end":{"line":46,"column":43}},"27":{"start":{"line":47,"column":22},"end":{"line":47,"column":33}},"28":{"start":{"line":49,"column":8},"end":{"line":53,"column":9}},"29":{"start":{"line":50,"column":8},"end":{"line":50,"column":63}},"30":{"start":{"line":51,"column":8},"end":{"line":51,"column":21}},"31":{"start":{"line":52,"column":8},"end":{"line":52,"column":24}},"32":{"start":{"line":55,"column":23},"end":{"line":68,"column":5}},"33":{"start":{"line":56,"column":22},"end":{"line":56,"column":53}},"34":{"start":{"line":57,"column":8},"end":{"line":63,"column":10}},"35":{"start":{"line":58,"column":12},"end":{"line":62,"column":13}},"36":{"start":{"line":64,"column":8},"end":{"line":64,"column":37}},"37":{"start":{"line":65,"column":8},"end":{"line":65,"column":26}},"38":{"start":{"line":66,"column":8},"end":{"line":66,"column":30}},"39":{"start":{"line":67,"column":8},"end":{"line":67,"column":24}},"40":{"start":{"line":70,"column":15},"end":{"line":70,"column":17}},"41":{"start":{"line":71,"column":25},"end":{"line":83,"column":5}},"42":{"start":{"line":72,"column":9},"end":{"line":72,"column":68}},"43":{"start":{"line":72,"column":26},"end":{"line":72,"column":65}},"44":{"start":{"line":73,"column":18},"end":{"line":73,"column":20}},"45":{"start":{"line":85,"column":2},"end":{"line":108,"column":3}},"46":{"start":{"line":90,"column":94},"end":{"line":90,"column":109}},"47":{"start":{"line":91,"column":95},"end":{"line":91,"column":110}},"48":{"start":{"line":92,"column":94},"end":{"line":92,"column":109}},"49":{"start":{"line":94,"column":122},"end":{"line":94,"column":148}},"50":{"start":{"line":97,"column":97},"end":{"line":97,"column":106}}},"fnMap":{"0":{"name":"(anonymous_0)","decl":{"start":{"line":3,"column":22},"end":{"line":3,"column":23}},"loc":{"start":{"line":3,"column":28},"end":{"line":109,"column":1}},"line":3},"1":{"name":"(anonymous_1)","decl":{"start":{"line":13,"column":21},"end":{"line":13,"column":22}},"loc":{"start":{"line":13,"column":26},"end":{"line":30,"column":5}},"line":13},"2":{"name":"(anonymous_2)","decl":{"start":{"line":16,"column":31},"end":{"line":16,"column":32}},"loc":{"start":{"line":16,"column":39},"end":{"line":27,"column":17}},"line":16},"3":{"name":"(anonymous_3)","decl":{"start":{"line":23,"column":101},"end":{"line":23,"column":102}},"loc":{"start":{"line":23,"column":107},"end":{"line":23,"column":126}},"line":23},"4":{"name":"(anonymous_4)","decl":{"start":{"line":24,"column":102},"end":{"line":24,"column":103}},"loc":{"start":{"line":24,"column":108},"end":{"line":24,"column":125}},"line":24},"5":{"name":"(anonymous_5)","decl":{"start":{"line":32,"column":23},"end":{"line":32,"column":24}},"loc":{"start":{"line":32,"column":30},"end":{"line":35,"column":5}},"line":32},"6":{"name":"(anonymous_6)","decl":{"start":{"line":36,"column":21},"end":{"line":36,"column":22}},"loc":{"start":{"line":36,"column":28},"end":{"line":43,"column":5}},"line":36},"7":{"name":"(anonymous_7)","decl":{"start":{"line":38,"column":40},"end":{"line":38,"column":41}},"loc":{"start":{"line":38,"column":50},"end":{"line":38,"column":63}},"line":38},"8":{"name":"(anonymous_8)","decl":{"start":{"line":44,"column":20},"end":{"line":44,"column":21}},"loc":{"start":{"line":44,"column":25},"end":{"line":54,"column":5}},"line":44},"9":{"name":"(anonymous_9)","decl":{"start":{"line":55,"column":23},"end":{"line":55,"column":24}},"loc":{"start":{"line":55,"column":30},"end":{"line":68,"column":5}},"line":55},"10":{"name":"(anonymous_10)","decl":{"start":{"line":57,"column":22},"end":{"line":57,"column":23}},"loc":{"start":{"line":57,"column":30},"end":{"line":63,"column":9}},"line":57},"11":{"name":"(anonymous_11)","decl":{"start":{"line":71,"column":25},"end":{"line":71,"column":26}},"loc":{"start":{"line":71,"column":31},"end":{"line":83,"column":5}},"line":71},"12":{"name":"(anonymous_12)","decl":{"start":{"line":72,"column":18},"end":{"line":72,"column":19}},"loc":{"start":{"line":72,"column":26},"end":{"line":72,"column":65}},"line":72},"13":{"name":"(anonymous_13)","decl":{"start":{"line":90,"column":88},"end":{"line":90,"column":89}},"loc":{"start":{"line":90,"column":93},"end":{"line":90,"column":110}},"line":90},"14":{"name":"(anonymous_14)","decl":{"start":{"line":91,"column":89},"end":{"line":91,"column":90}},"loc":{"start":{"line":91,"column":94},"end":{"line":91,"column":111}},"line":91},"15":{"name":"(anonymous_15)","decl":{"start":{"line":92,"column":88},"end":{"line":92,"column":89}},"loc":{"start":{"line":92,"column":93},"end":{"line":92,"column":110}},"line":92},"16":{"name":"(anonymous_16)","decl":{"start":{"line":94,"column":116},"end":{"line":94,"column":117}},"loc":{"start":{"line":94,"column":122},"end":{"line":94,"column":148}},"line":94},"17":{"name":"(anonymous_17)","decl":{"start":{"line":97,"column":92},"end":{"line":97,"column":93}},"loc":{"start":{"line":97,"column":96},"end":{"line":97,"column":107}},"line":97}},"branchMap":{"0":{"loc":{"start":{"line":49,"column":8},"end":{"line":53,"column":9}},"type":"if","locations":[{"start":{"line":49,"column":8},"end":{"line":53,"column":9}},{"start":{},"end":{}}],"line":49},"1":{"loc":{"start":{"line":60,"column":21},"end":{"line":60,"column":69}},"type":"cond-expr","locations":[{"start":{"line":60,"column":38},"end":{"line":60,"column":62}},{"start":{"line":60,"column":65},"end":{"line":60,"column":69}}],"line":60},"2":{"loc":{"start":{"line":94,"column":13},"end":{"line":97,"column":126}},"type":"cond-expr","locations":[{"start":{"line":94,"column":28},"end":{"line":96,"column":29}},{"start":{"line":97,"column":28},"end":{"line":97,"column":126}}],"line":94}},"s":{"0":0,"1":0,"2":0,"3":0,"4":0,"5":0,"6":0,"7":0,"8":0,"9":0,"10":0,"11":0,"12":0,"13":0,"14":0,"15":0,"16":0,"17":0,"18":0,"19":0,"20":0,"21":0,"22":0,"23":0,"24":0,"25":0,"26":0,"27":0,"28":0,"29":0,"30":0,"31":0,"32":0,"33":0,"34":0,"35":0,"36":0,"37":0,"38":0,"39":0,"40":0,"41":0,"42":0,"43":0,"44":0,"45":0,"46":0,"47":0,"48":0,"49":0,"50":0},"f":{"0":0,"1":0,"2":0,"3":0,"4":0,"5":0,"6":0,"7":0,"8":0,"9":0,"10":0,"11":0,"12":0,"13":0,"14":0,"15":0,"16":0,"17":0},"b":{"0":[0,0],"1":[0,0],"2":[0,0]}}
,"/home/devikanth/Desktop/my-app/src/DropDown.js": {"path":"/home/devikanth/Desktop/my-app/src/DropDown.js","statementMap":{"0":{"start":{"line":3,"column":17},"end":{"line":47,"column":1}},"1":{"start":{"line":5,"column":48},"end":{"line":5,"column":67}},"2":{"start":{"line":6,"column":19},"end":{"line":10,"column":5}},"3":{"start":{"line":11,"column":2},"end":{"line":46,"column":3}},"4":{"start":{"line":16,"column":60},"end":{"line":16,"column":93}},"5":{"start":{"line":18,"column":12},"end":{"line":20,"column":13}},"6":{"start":{"line":27,"column":11},"end":{"line":41,"column":12}},"7":{"start":{"line":28,"column":15},"end":{"line":40,"column":16}},"8":{"start":{"line":31,"column":24},"end":{"line":37,"column":28}},"9":{"start":{"line":32,"column":30},"end":{"line":36,"column":31}}},"fnMap":{"0":{"name":"(anonymous_0)","decl":{"start":{"line":3,"column":17},"end":{"line":3,"column":18}},"loc":{"start":{"line":3,"column":23},"end":{"line":47,"column":1}},"line":3},"1":{"name":"(anonymous_1)","decl":{"start":{"line":16,"column":54},"end":{"line":16,"column":55}},"loc":{"start":{"line":16,"column":59},"end":{"line":16,"column":94}},"line":16},"2":{"name":"(anonymous_2)","decl":{"start":{"line":17,"column":22},"end":{"line":17,"column":23}},"loc":{"start":{"line":17,"column":30},"end":{"line":21,"column":9}},"line":17},"3":{"name":"(anonymous_3)","decl":{"start":{"line":26,"column":22},"end":{"line":26,"column":23}},"loc":{"start":{"line":26,"column":33},"end":{"line":43,"column":9}},"line":26},"4":{"name":"(anonymous_4)","decl":{"start":{"line":30,"column":50},"end":{"line":30,"column":51}},"loc":{"start":{"line":30,"column":58},"end":{"line":38,"column":23}},"line":30},"5":{"name":"(anonymous_5)","decl":{"start":{"line":31,"column":41},"end":{"line":31,"column":42}},"loc":{"start":{"line":31,"column":48},"end":{"line":37,"column":27}},"line":31}},"branchMap":{"0":{"loc":{"start":{"line":27,"column":11},"end":{"line":41,"column":12}},"type":"if","locations":[{"start":{"line":27,"column":11},"end":{"line":41,"column":12}},{"start":{},"end":{}}],"line":27}},"s":{"0":0,"1":0,"2":0,"3":0,"4":0,"5":0,"6":0,"7":0,"8":0,"9":0},"f":{"0":0,"1":0,"2":0,"3":0,"4":0,"5":0},"b":{"0":[0,0]}}
,"/home/devikanth/Desktop/my-app/src/DynamicList.js": {"path":"/home/devikanth/Desktop/my-app/src/DynamicList.js","statementMap":{"0":{"start":{"line":3,"column":20},"end":{"line":85,"column":1}},"1":{"start":{"line":4,"column":38},"end":{"line":4,"column":50}},"2":{"start":{"line":5,"column":32},"end":{"line":5,"column":43}},"3":{"start":{"line":6,"column":44},"end":{"line":6,"column":59}},"4":{"start":{"line":7,"column":42},"end":{"line":7,"column":54}},"5":{"start":{"line":9,"column":21},"end":{"line":25,"column":5}},"6":{"start":{"line":10,"column":8},"end":{"line":24,"column":10}},"7":{"start":{"line":13,"column":20},"end":{"line":21,"column":22}},"8":{"start":{"line":17,"column":107},"end":{"line":17,"column":126}},"9":{"start":{"line":18,"column":108},"end":{"line":18,"column":125}},"10":{"start":{"line":27,"column":20},"end":{"line":32,"column":5}},"11":{"start":{"line":28,"column":22},"end":{"line":28,"column":53}},"12":{"start":{"line":29,"column":8},"end":{"line":29,"column":30}},"13":{"start":{"line":30,"column":8},"end":{"line":30,"column":73}},"14":{"start":{"line":31,"column":8},"end":{"line":31,"column":25}},"15":{"start":{"line":34,"column":23},"end":{"line":37,"column":5}},"16":{"start":{"line":35,"column":8},"end":{"line":35,"column":32}},"17":{"start":{"line":36,"column":8},"end":{"line":36,"column":37}},"18":{"start":{"line":39,"column":23},"end":{"line":51,"column":5}},"19":{"start":{"line":40,"column":22},"end":{"line":40,"column":53}},"20":{"start":{"line":41,"column":8},"end":{"line":46,"column":11}},"21":{"start":{"line":42,"column":12},"end":{"line":44,"column":13}},"22":{"start":{"line":43,"column":16},"end":{"line":43,"column":41}},"23":{"start":{"line":45,"column":12},"end":{"line":45,"column":24}},"24":{"start":{"line":47,"column":8},"end":{"line":47,"column":37}},"25":{"start":{"line":48,"column":8},"end":{"line":48,"column":25}},"26":{"start":{"line":49,"column":8},"end":{"line":49,"column":27}},"27":{"start":{"line":50,"column":8},"end":{"line":50,"column":31}},"28":{"start":{"line":53,"column":21},"end":{"line":59,"column":5}},"29":{"start":{"line":54,"column":22},"end":{"line":54,"column":53}},"30":{"start":{"line":55,"column":24},"end":{"line":55,"column":65}},"31":{"start":{"line":55,"column":49},"end":{"line":55,"column":63}},"32":{"start":{"line":56,"column":8},"end":{"line":56,"column":33}},"33":{"start":{"line":57,"column":8},"end":{"line":57,"column":37}},"34":{"start":{"line":58,"column":8},"end":{"line":58,"column":30}},"35":{"start":{"line":60,"column":22},"end":{"line":64,"column":5}},"36":{"start":{"line":61,"column":8},"end":{"line":61,"column":31}},"37":{"start":{"line":62,"column":22},"end":{"line":62,"column":53}},"38":{"start":{"line":63,"column":8},"end":{"line":63,"column":24}},"39":{"start":{"line":65,"column":4},"end":{"line":84,"column":6}},"40":{"start":{"line":71,"column":134},"end":{"line":71,"column":160}},"41":{"start":{"line":72,"column":103},"end":{"line":72,"column":114}}},"fnMap":{"0":{"name":"(anonymous_0)","decl":{"start":{"line":3,"column":20},"end":{"line":3,"column":21}},"loc":{"start":{"line":3,"column":26},"end":{"line":85,"column":1}},"line":3},"1":{"name":"(anonymous_1)","decl":{"start":{"line":9,"column":21},"end":{"line":9,"column":22}},"loc":{"start":{"line":9,"column":27},"end":{"line":25,"column":5}},"line":9},"2":{"name":"(anonymous_2)","decl":{"start":{"line":12,"column":31},"end":{"line":12,"column":32}},"loc":{"start":{"line":12,"column":41},"end":{"line":22,"column":17}},"line":12},"3":{"name":"(anonymous_3)","decl":{"start":{"line":17,"column":101},"end":{"line":17,"column":102}},"loc":{"start":{"line":17,"column":107},"end":{"line":17,"column":126}},"line":17},"4":{"name":"(anonymous_4)","decl":{"start":{"line":18,"column":102},"end":{"line":18,"column":103}},"loc":{"start":{"line":18,"column":108},"end":{"line":18,"column":125}},"line":18},"5":{"name":"(anonymous_5)","decl":{"start":{"line":27,"column":20},"end":{"line":27,"column":21}},"loc":{"start":{"line":27,"column":26},"end":{"line":32,"column":5}},"line":27},"6":{"name":"(anonymous_6)","decl":{"start":{"line":34,"column":23},"end":{"line":34,"column":24}},"loc":{"start":{"line":34,"column":31},"end":{"line":37,"column":5}},"line":34},"7":{"name":"(anonymous_7)","decl":{"start":{"line":39,"column":23},"end":{"line":39,"column":24}},"loc":{"start":{"line":39,"column":31},"end":{"line":51,"column":5}},"line":39},"8":{"name":"(anonymous_8)","decl":{"start":{"line":41,"column":22},"end":{"line":41,"column":23}},"loc":{"start":{"line":41,"column":32},"end":{"line":46,"column":9}},"line":41},"9":{"name":"(anonymous_9)","decl":{"start":{"line":53,"column":21},"end":{"line":53,"column":22}},"loc":{"start":{"line":53,"column":29},"end":{"line":59,"column":5}},"line":53},"10":{"name":"(anonymous_10)","decl":{"start":{"line":55,"column":39},"end":{"line":55,"column":40}},"loc":{"start":{"line":55,"column":49},"end":{"line":55,"column":63}},"line":55},"11":{"name":"(anonymous_11)","decl":{"start":{"line":60,"column":22},"end":{"line":60,"column":23}},"loc":{"start":{"line":60,"column":27},"end":{"line":64,"column":5}},"line":60},"12":{"name":"(anonymous_12)","decl":{"start":{"line":71,"column":128},"end":{"line":71,"column":129}},"loc":{"start":{"line":71,"column":134},"end":{"line":71,"column":160}},"line":71},"13":{"name":"(anonymous_13)","decl":{"start":{"line":72,"column":96},"end":{"line":72,"column":97}},"loc":{"start":{"line":72,"column":102},"end":{"line":72,"column":115}},"line":72}},"branchMap":{"0":{"loc":{"start":{"line":42,"column":12},"end":{"line":44,"column":13}},"type":"if","locations":[{"start":{"line":42,"column":12},"end":{"line":44,"column":13}},{"start":{},"end":{}}],"line":42},"1":{"loc":{"start":{"line":71,"column":25},"end":{"line":73,"column":125}},"type":"cond-expr","locations":[{"start":{"line":71,"column":40},"end":{"line":72,"column":149}},{"start":{"line":73,"column":40},"end":{"line":73,"column":125}}],"line":71}},"s":{"0":0,"1":0,"2":0,"3":0,"4":0,"5":0,"6":0,"7":0,"8":0,"9":0,"10":0,"11":0,"12":0,"13":0,"14":0,"15":0,"16":0,"17":0,"18":0,"19":0,"20":0,"21":0,"22":0,"23":0,"24":0,"25":0,"26":0,"27":0,"28":0,"29":0,"30":0,"31":0,"32":0,"33":0,"34":0,"35":0,"36":0,"37":0,"38":0,"39":0,"40":0,"41":0},"f":{"0":0,"1":0,"2":0,"3":0,"4":0,"5":0,"6":0,"7":0,"8":0,"9":0,"10":0,"11":0,"12":0,"13":0},"b":{"0":[0,0],"1":[0,0]}}
,"/home/devikanth/Desktop/my-app/src/Practice.js": {"path":"/home/devikanth/Desktop/my-app/src/Practice.js","statementMap":{"0":{"start":{"line":4,"column":17},"end":{"line":32,"column":1}},"1":{"start":{"line":5,"column":28},"end":{"line":5,"column":43}},"2":{"start":{"line":7,"column":24},"end":{"line":7,"column":44}},"3":{"start":{"line":7,"column":30},"end":{"line":7,"column":44}},"4":{"start":{"line":8,"column":23},"end":{"line":8,"column":42}},"5":{"start":{"line":8,"column":29},"end":{"line":8,"column":42}},"6":{"start":{"line":10,"column":4},"end":{"line":31,"column":6}}},"fnMap":{"0":{"name":"(anonymous_0)","decl":{"start":{"line":4,"column":17},"end":{"line":4,"column":18}},"loc":{"start":{"line":4,"column":23},"end":{"line":32,"column":1}},"line":4},"1":{"name":"(anonymous_1)","decl":{"start":{"line":7,"column":24},"end":{"line":7,"column":25}},"loc":{"start":{"line":7,"column":30},"end":{"line":7,"column":44}},"line":7},"2":{"name":"(anonymous_2)","decl":{"start":{"line":8,"column":23},"end":{"line":8,"column":24}},"loc":{"start":{"line":8,"column":29},"end":{"line":8,"column":42}},"line":8}},"branchMap":{},"s":{"0":0,"1":0,"2":0,"3":0,"4":0,"5":0,"6":0},"f":{"0":0,"1":0,"2":0},"b":{}}
,"/home/devikanth/Desktop/my-app/src/ProfileCard.js": {"path":"/home/devikanth/Desktop/my-app/src/ProfileCard.js","statementMap":{"0":{"start":{"line":4,"column":20},"end":{"line":36,"column":1}},"1":{"start":{"line":5,"column":35},"end":{"line":5,"column":40}},"2":{"start":{"line":6,"column":15},"end":{"line":6,"column":67}},"3":{"start":{"line":8,"column":45},"end":{"line":8,"column":57}},"4":{"start":{"line":9,"column":14},"end":{"line":9,"column":16}},"5":{"start":{"line":10,"column":24},"end":{"line":15,"column":4}},"6":{"start":{"line":12,"column":4},"end":{"line":12,"column":27}},"7":{"start":{"line":13,"column":4},"end":{"line":13,"column":38}},"8":{"start":{"line":16,"column":19},"end":{"line":18,"column":4}},"9":{"start":{"line":17,"column":3},"end":{"line":17,"column":46}},"10":{"start":{"line":19,"column":2},"end":{"line":35,"column":3}},"11":{"start":{"line":23,"column":45},"end":{"line":23,"column":60}},"12":{"start":{"line":24,"column":52},"end":{"line":24,"column":67}},"13":{"start":{"line":25,"column":48},"end":{"line":25,"column":63}},"14":{"start":{"line":32,"column":21},"end":{"line":32,"column":31}}},"fnMap":{"0":{"name":"(anonymous_0)","decl":{"start":{"line":4,"column":20},"end":{"line":4,"column":21}},"loc":{"start":{"line":4,"column":31},"end":{"line":36,"column":1}},"line":4},"1":{"name":"(anonymous_1)","decl":{"start":{"line":10,"column":24},"end":{"line":10,"column":25}},"loc":{"start":{"line":10,"column":30},"end":{"line":15,"column":4}},"line":10},"2":{"name":"(anonymous_2)","decl":{"start":{"line":16,"column":19},"end":{"line":16,"column":20}},"loc":{"start":{"line":16,"column":23},"end":{"line":18,"column":4}},"line":16},"3":{"name":"(anonymous_3)","decl":{"start":{"line":23,"column":39},"end":{"line":23,"column":40}},"loc":{"start":{"line":23,"column":44},"end":{"line":23,"column":61}},"line":23},"4":{"name":"(anonymous_4)","decl":{"start":{"line":24,"column":46},"end":{"line":24,"column":47}},"loc":{"start":{"line":24,"column":51},"end":{"line":24,"column":68}},"line":24},"5":{"name":"(anonymous_5)","decl":{"start":{"line":25,"column":42},"end":{"line":25,"column":43}},"loc":{"start":{"line":25,"column":47},"end":{"line":25,"column":64}},"line":25},"6":{"name":"(anonymous_6)","decl":{"start":{"line":32,"column":17},"end":{"line":32,"column":18}},"loc":{"start":{"line":32,"column":21},"end":{"line":32,"column":31}},"line":32}},"branchMap":{},"s":{"0":0,"1":0,"2":0,"3":0,"4":0,"5":0,"6":0,"7":0,"8":0,"9":0,"10":0,"11":0,"12":0,"13":0,"14":0},"f":{"0":0,"1":0,"2":0,"3":0,"4":0,"5":0,"6":0},"b":{}}
,"/home/devikanth/Desktop/my-app/src/checkBox.js": {"path":"/home/devikanth/Desktop/my-app/src/checkBox.js","statementMap":{"0":{"start":{"line":3,"column":17},"end":{"line":93,"column":1}},"1":{"start":{"line":4,"column":46},"end":{"line":4,"column":58}},"2":{"start":{"line":5,"column":40},"end":{"line":5,"column":51}},"3":{"start":{"line":6,"column":23},"end":{"line":47,"column":7}},"4":{"start":{"line":49,"column":26},"end":{"line":71,"column":7}},"5":{"start":{"line":50,"column":10},"end":{"line":50,"column":47}},"6":{"start":{"line":51,"column":32},"end":{"line":51,"column":40}},"7":{"start":{"line":53,"column":10},"end":{"line":69,"column":11}},"8":{"start":{"line":54,"column":12},"end":{"line":59,"column":15}},"9":{"start":{"line":55,"column":36},"end":{"line":55,"column":50}},"10":{"start":{"line":56,"column":35},"end":{"line":56,"column":83}},"11":{"start":{"line":56,"column":66},"end":{"line":56,"column":80}},"12":{"start":{"line":57,"column":16},"end":{"line":57,"column":42}},"13":{"start":{"line":58,"column":16},"end":{"line":58,"column":35}},"14":{"start":{"line":62,"column":12},"end":{"line":68,"column":15}},"15":{"start":{"line":63,"column":35},"end":{"line":63,"column":44}},"16":{"start":{"line":64,"column":16},"end":{"line":64,"column":73}},"17":{"start":{"line":64,"column":57},"end":{"line":64,"column":71}},"18":{"start":{"line":65,"column":35},"end":{"line":65,"column":84}},"19":{"start":{"line":65,"column":67},"end":{"line":65,"column":81}},"20":{"start":{"line":66,"column":16},"end":{"line":66,"column":42}},"21":{"start":{"line":67,"column":16},"end":{"line":67,"column":36}},"22":{"start":{"line":73,"column":6},"end":{"line":73,"column":32}},"23":{"start":{"line":74,"column":2},"end":{"line":92,"column":3}},"24":{"start":{"line":77,"column":12},"end":{"line":88,"column":13}},"25":{"start":{"line":83,"column":22},"end":{"line":83,"column":41}},"26":{"start":{"line":84,"column":40},"end":{"line":84,"column":53}}},"fnMap":{"0":{"name":"(anonymous_0)","decl":{"start":{"line":3,"column":17},"end":{"line":3,"column":18}},"loc":{"start":{"line":3,"column":23},"end":{"line":93,"column":1}},"line":3},"1":{"name":"(anonymous_1)","decl":{"start":{"line":49,"column":26},"end":{"line":49,"column":27}},"loc":{"start":{"line":49,"column":38},"end":{"line":71,"column":7}},"line":49},"2":{"name":"(anonymous_2)","decl":{"start":{"line":54,"column":29},"end":{"line":54,"column":30}},"loc":{"start":{"line":54,"column":35},"end":{"line":59,"column":13}},"line":54},"3":{"name":"(anonymous_3)","decl":{"start":{"line":56,"column":54},"end":{"line":56,"column":55}},"loc":{"start":{"line":56,"column":66},"end":{"line":56,"column":80}},"line":56},"4":{"name":"(anonymous_4)","decl":{"start":{"line":62,"column":29},"end":{"line":62,"column":30}},"loc":{"start":{"line":62,"column":35},"end":{"line":68,"column":13}},"line":62},"5":{"name":"(anonymous_5)","decl":{"start":{"line":64,"column":51},"end":{"line":64,"column":52}},"loc":{"start":{"line":64,"column":57},"end":{"line":64,"column":71}},"line":64},"6":{"name":"(anonymous_6)","decl":{"start":{"line":65,"column":55},"end":{"line":65,"column":56}},"loc":{"start":{"line":65,"column":67},"end":{"line":65,"column":81}},"line":65},"7":{"name":"(anonymous_7)","decl":{"start":{"line":76,"column":24},"end":{"line":76,"column":25}},"loc":{"start":{"line":76,"column":32},"end":{"line":89,"column":9}},"line":76},"8":{"name":"(anonymous_8)","decl":{"start":{"line":83,"column":16},"end":{"line":83,"column":17}},"loc":{"start":{"line":83,"column":21},"end":{"line":83,"column":42}},"line":83},"9":{"name":"(anonymous_9)","decl":{"start":{"line":84,"column":34},"end":{"line":84,"column":35}},"loc":{"start":{"line":84,"column":40},"end":{"line":84,"column":53}},"line":84}},"branchMap":{"0":{"loc":{"start":{"line":53,"column":10},"end":{"line":69,"column":11}},"type":"if","locations":[{"start":{"line":53,"column":10},"end":{"line":69,"column":11}},{"start":{"line":61,"column":14},"end":{"line":69,"column":11}}],"line":53}},"s":{"0":0,"1":0,"2":0,"3":0,"4":0,"5":0,"6":0,"7":0,"8":0,"9":0,"10":0,"11":0,"12":0,"13":0,"14":0,"15":0,"16":0,"17":0,"18":0,"19":0,"20":0,"21":0,"22":0,"23":0,"24":0,"25":0,"26":0},"f":{"0":0,"1":0,"2":0,"3":0,"4":0,"5":0,"6":0,"7":0,"8":0,"9":0},"b":{"0":[0,0]}}
,"/home/devikanth/Desktop/my-app/src/index.js": {"path":"/home/devikanth/Desktop/my-app/src/index.js","statementMap":{"0":{"start":{"line":37,"column":13},"end":{"line":37,"column":65}},"1":{"start":{"line":38,"column":13},"end":{"line":40,"column":1}},"2":{"start":{"line":41,"column":0},"end":{"line":85,"column":2}},"3":{"start":{"line":90,"column":0},"end":{"line":90,"column":18}}},"fnMap":{},"branchMap":{},"s":{"0":0,"1":0,"2":0,"3":0},"f":{},"b":{}}
,"/home/devikanth/Desktop/my-app/src/reportWebVitals.js": {"path":"/home/devikanth/Desktop/my-app/src/reportWebVitals.js","statementMap":{"0":{"start":{"line":1,"column":24},"end":{"line":11,"column":1}},"1":{"start":{"line":2,"column":2},"end":{"line":10,"column":3}},"2":{"start":{"line":3,"column":4},"end":{"line":9,"column":7}},"3":{"start":{"line":4,"column":6},"end":{"line":4,"column":26}},"4":{"start":{"line":5,"column":6},"end":{"line":5,"column":26}},"5":{"start":{"line":6,"column":6},"end":{"line":6,"column":26}},"6":{"start":{"line":7,"column":6},"end":{"line":7,"column":26}},"7":{"start":{"line":8,"column":6},"end":{"line":8,"column":27}}},"fnMap":{"0":{"name":"(anonymous_0)","decl":{"start":{"line":1,"column":24},"end":{"line":1,"column":25}},"loc":{"start":{"line":1,"column":39},"end":{"line":11,"column":1}},"line":1},"1":{"name":"(anonymous_1)","decl":{"start":{"line":3,"column":30},"end":{"line":3,"column":31}},"loc":{"start":{"line":3,"column":79},"end":{"line":9,"column":5}},"line":3}},"branchMap":{"0":{"loc":{"start":{"line":2,"column":2},"end":{"line":10,"column":3}},"type":"if","locations":[{"start":{"line":2,"column":2},"end":{"line":10,"column":3}},{"start":{},"end":{}}],"line":2},"1":{"loc":{"start":{"line":2,"column":6},"end":{"line":2,"column":52}},"type":"binary-expr","locations":[{"start":{"line":2,"column":6},"end":{"line":2,"column":17}},{"start":{"line":2,"column":21},"end":{"line":2,"column":52}}],"line":2}},"s":{"0":0,"1":0,"2":0,"3":0,"4":0,"5":0,"6":0,"7":0},"f":{"0":0,"1":0},"b":{"0":[0,0],"1":[0,0]}}
,"/home/devikanth/Desktop/my-app/src/ReduxPractice/GeneralStore.js": {"path":"/home/devikanth/Desktop/my-app/src/ReduxPractice/GeneralStore.js","statementMap":{"0":{"start":{"line":4,"column":21},"end":{"line":37,"column":1}},"1":{"start":{"line":5,"column":21},"end":{"line":5,"column":34}},"2":{"start":{"line":6,"column":23},"end":{"line":8,"column":5}},"3":{"start":{"line":9,"column":20},"end":{"line":13,"column":5}},"4":{"start":{"line":10,"column":8},"end":{"line":12,"column":9}},"5":{"start":{"line":14,"column":18},"end":{"line":29,"column":5}},"6":{"start":{"line":23,"column":8},"end":{"line":28,"column":9}},"7":{"start":{"line":25,"column":16},"end":{"line":25,"column":58}},"8":{"start":{"line":27,"column":16},"end":{"line":27,"column":29}},"9":{"start":{"line":30,"column":16},"end":{"line":30,"column":43}},"10":{"start":{"line":31,"column":4},"end":{"line":31,"column":23}},"11":{"start":{"line":32,"column":4},"end":{"line":32,"column":57}},"12":{"start":{"line":32,"column":25},"end":{"line":32,"column":54}},"13":{"start":{"line":33,"column":4},"end":{"line":33,"column":31}},"14":{"start":{"line":34,"column":2},"end":{"line":36,"column":3}}},"fnMap":{"0":{"name":"(anonymous_0)","decl":{"start":{"line":4,"column":21},"end":{"line":4,"column":22}},"loc":{"start":{"line":4,"column":27},"end":{"line":37,"column":1}},"line":4},"1":{"name":"(anonymous_1)","decl":{"start":{"line":9,"column":20},"end":{"line":9,"column":21}},"loc":{"start":{"line":9,"column":24},"end":{"line":13,"column":5}},"line":9},"2":{"name":"(anonymous_2)","decl":{"start":{"line":14,"column":18},"end":{"line":14,"column":19}},"loc":{"start":{"line":14,"column":47},"end":{"line":29,"column":5}},"line":14},"3":{"name":"(anonymous_3)","decl":{"start":{"line":32,"column":20},"end":{"line":32,"column":21}},"loc":{"start":{"line":32,"column":24},"end":{"line":32,"column":55}},"line":32}},"branchMap":{"0":{"loc":{"start":{"line":14,"column":19},"end":{"line":14,"column":37}},"type":"default-arg","locations":[{"start":{"line":14,"column":25},"end":{"line":14,"column":37}}],"line":14},"1":{"loc":{"start":{"line":23,"column":8},"end":{"line":28,"column":9}},"type":"switch","locations":[{"start":{"line":24,"column":12},"end":{"line":25,"column":58}},{"start":{"line":26,"column":12},"end":{"line":27,"column":29}}],"line":23}},"s":{"0":0,"1":0,"2":0,"3":0,"4":0,"5":0,"6":0,"7":0,"8":0,"9":0,"10":0,"11":0,"12":0,"13":0,"14":0},"f":{"0":0,"1":0,"2":0,"3":0},"b":{"0":[0],"1":[0,0]}}
,"/home/devikanth/Desktop/my-app/src/ReduxPractice/MovieList.js": {"path":"/home/devikanth/Desktop/my-app/src/ReduxPractice/MovieList.js","statementMap":{"0":{"start":{"line":3,"column":18},"end":{"line":7,"column":1}},"1":{"start":{"line":4,"column":2},"end":{"line":6,"column":3}}},"fnMap":{"0":{"name":"(anonymous_0)","decl":{"start":{"line":3,"column":18},"end":{"line":3,"column":19}},"loc":{"start":{"line":3,"column":24},"end":{"line":7,"column":1}},"line":3}},"branchMap":{},"s":{"0":0,"1":0},"f":{"0":0},"b":{}}
,"/home/devikanth/Desktop/my-app/src/ReduxPractice/SongList.js": {"path":"/home/devikanth/Desktop/my-app/src/ReduxPractice/SongList.js","statementMap":{"0":{"start":{"line":3,"column":17},"end":{"line":7,"column":1}},"1":{"start":{"line":4,"column":2},"end":{"line":6,"column":3}}},"fnMap":{"0":{"name":"(anonymous_0)","decl":{"start":{"line":3,"column":17},"end":{"line":3,"column":18}},"loc":{"start":{"line":3,"column":23},"end":{"line":7,"column":1}},"line":3}},"branchMap":{},"s":{"0":0,"1":0},"f":{"0":0},"b":{}}
,"/home/devikanth/Desktop/my-app/src/components/Accordian.js": {"path":"/home/devikanth/Desktop/my-app/src/components/Accordian.js","statementMap":{"0":{"start":{"line":3,"column":18},"end":{"line":17,"column":1}},"1":{"start":{"line":4,"column":28},"end":{"line":4,"column":43}},"2":{"start":{"line":6,"column":8},"end":{"line":6,"column":33}},"3":{"start":{"line":8,"column":4},"end":{"line":10,"column":9}},"4":{"start":{"line":9,"column":8},"end":{"line":9,"column":30}},"5":{"start":{"line":11,"column":2},"end":{"line":16,"column":3}}},"fnMap":{"0":{"name":"(anonymous_0)","decl":{"start":{"line":3,"column":18},"end":{"line":3,"column":19}},"loc":{"start":{"line":3,"column":24},"end":{"line":17,"column":1}},"line":3},"1":{"name":"person","decl":{"start":{"line":5,"column":13},"end":{"line":5,"column":19}},"loc":{"start":{"line":5,"column":33},"end":{"line":7,"column":5}},"line":5},"2":{"name":"(anonymous_2)","decl":{"start":{"line":8,"column":16},"end":{"line":8,"column":17}},"loc":{"start":{"line":8,"column":20},"end":{"line":10,"column":5}},"line":8}},"branchMap":{},"s":{"0":0,"1":0,"2":0,"3":0,"4":0,"5":0},"f":{"0":0,"1":0,"2":0},"b":{}}
,"/home/devikanth/Desktop/my-app/src/components/ArrayJoin.js": {"path":"/home/devikanth/Desktop/my-app/src/components/ArrayJoin.js","statementMap":{"0":{"start":{"line":3,"column":18},"end":{"line":25,"column":1}},"1":{"start":{"line":4,"column":42},"end":{"line":4,"column":54}},"2":{"start":{"line":6,"column":36},"end":{"line":15,"column":5}},"3":{"start":{"line":7,"column":31},"end":{"line":7,"column":45}},"4":{"start":{"line":8,"column":6},"end":{"line":14,"column":7}},"5":{"start":{"line":12,"column":37},"end":{"line":12,"column":133}},"6":{"start":{"line":13,"column":8},"end":{"line":13,"column":45}},"7":{"start":{"line":17,"column":4},"end":{"line":24,"column":6}}},"fnMap":{"0":{"name":"(anonymous_0)","decl":{"start":{"line":3,"column":18},"end":{"line":3,"column":19}},"loc":{"start":{"line":3,"column":24},"end":{"line":25,"column":1}},"line":3},"1":{"name":"(anonymous_1)","decl":{"start":{"line":6,"column":36},"end":{"line":6,"column":37}},"loc":{"start":{"line":6,"column":43},"end":{"line":15,"column":5}},"line":6}},"branchMap":{"0":{"loc":{"start":{"line":8,"column":6},"end":{"line":14,"column":7}},"type":"if","locations":[{"start":{"line":8,"column":6},"end":{"line":14,"column":7}},{"start":{},"end":{}}],"line":8}},"s":{"0":0,"1":0,"2":0,"3":0,"4":0,"5":0,"6":0,"7":0},"f":{"0":0,"1":0},"b":{"0":[0,0]}}
,"/home/devikanth/Desktop/my-app/src/components/BookCreate.js": {"path":"/home/devikanth/Desktop/my-app/src/components/BookCreate.js","statementMap":{"0":{"start":{"line":3,"column":19},"end":{"line":21,"column":1}},"1":{"start":{"line":4,"column":30},"end":{"line":4,"column":42}},"2":{"start":{"line":5,"column":25},"end":{"line":7,"column":5}},"3":{"start":{"line":6,"column":8},"end":{"line":6,"column":33}},"4":{"start":{"line":8,"column":25},"end":{"line":11,"column":5}},"5":{"start":{"line":9,"column":8},"end":{"line":9,"column":26}},"6":{"start":{"line":10,"column":8},"end":{"line":10,"column":23}},"7":{"start":{"line":12,"column":2},"end":{"line":20,"column":3}}},"fnMap":{"0":{"name":"(anonymous_0)","decl":{"start":{"line":3,"column":19},"end":{"line":3,"column":20}},"loc":{"start":{"line":3,"column":35},"end":{"line":21,"column":1}},"line":3},"1":{"name":"(anonymous_1)","decl":{"start":{"line":5,"column":25},"end":{"line":5,"column":26}},"loc":{"start":{"line":5,"column":31},"end":{"line":7,"column":5}},"line":5},"2":{"name":"(anonymous_2)","decl":{"start":{"line":8,"column":25},"end":{"line":8,"column":26}},"loc":{"start":{"line":8,"column":31},"end":{"line":11,"column":5}},"line":8}},"branchMap":{},"s":{"0":0,"1":0,"2":0,"3":0,"4":0,"5":0,"6":0,"7":0},"f":{"0":0,"1":0,"2":0},"b":{}}
,"/home/devikanth/Desktop/my-app/src/components/BookEdit.js": {"path":"/home/devikanth/Desktop/my-app/src/components/BookEdit.js","statementMap":{"0":{"start":{"line":3,"column":17},"end":{"line":25,"column":1}},"1":{"start":{"line":4,"column":25},"end":{"line":4,"column":45}},"2":{"start":{"line":5,"column":2},"end":{"line":5,"column":40}},"3":{"start":{"line":6,"column":23},"end":{"line":9,"column":3}},"4":{"start":{"line":7,"column":4},"end":{"line":7,"column":28}},"5":{"start":{"line":10,"column":23},"end":{"line":17,"column":3}},"6":{"start":{"line":11,"column":4},"end":{"line":11,"column":23}},"7":{"start":{"line":12,"column":4},"end":{"line":12,"column":34}},"8":{"start":{"line":13,"column":4},"end":{"line":13,"column":26}},"9":{"start":{"line":15,"column":4},"end":{"line":15,"column":16}},"10":{"start":{"line":18,"column":2},"end":{"line":24,"column":3}}},"fnMap":{"0":{"name":"(anonymous_0)","decl":{"start":{"line":3,"column":17},"end":{"line":3,"column":18}},"loc":{"start":{"line":3,"column":47},"end":{"line":25,"column":1}},"line":3},"1":{"name":"(anonymous_1)","decl":{"start":{"line":6,"column":23},"end":{"line":6,"column":24}},"loc":{"start":{"line":6,"column":29},"end":{"line":9,"column":3}},"line":6},"2":{"name":"(anonymous_2)","decl":{"start":{"line":10,"column":23},"end":{"line":10,"column":24}},"loc":{"start":{"line":10,"column":29},"end":{"line":17,"column":3}},"line":10}},"branchMap":{},"s":{"0":0,"1":0,"2":0,"3":0,"4":0,"5":0,"6":0,"7":0,"8":0,"9":0,"10":0},"f":{"0":0,"1":0,"2":0},"b":{}}
,"/home/devikanth/Desktop/my-app/src/components/BookList.js": {"path":"/home/devikanth/Desktop/my-app/src/components/BookList.js","statementMap":{"0":{"start":{"line":4,"column":17},"end":{"line":18,"column":1}},"1":{"start":{"line":5,"column":37},"end":{"line":5,"column":42}},"2":{"start":{"line":10,"column":26},"end":{"line":12,"column":6}},"3":{"start":{"line":11,"column":8},"end":{"line":11,"column":91}},"4":{"start":{"line":13,"column":2},"end":{"line":17,"column":3}}},"fnMap":{"0":{"name":"(anonymous_0)","decl":{"start":{"line":4,"column":17},"end":{"line":4,"column":18}},"loc":{"start":{"line":4,"column":28},"end":{"line":18,"column":1}},"line":4},"1":{"name":"(anonymous_1)","decl":{"start":{"line":10,"column":36},"end":{"line":10,"column":37}},"loc":{"start":{"line":10,"column":44},"end":{"line":12,"column":5}},"line":10}},"branchMap":{},"s":{"0":0,"1":0,"2":0,"3":0,"4":0},"f":{"0":0,"1":0},"b":{}}
,"/home/devikanth/Desktop/my-app/src/components/BookShow.js": {"path":"/home/devikanth/Desktop/my-app/src/components/BookShow.js","statementMap":{"0":{"start":{"line":4,"column":17},"end":{"line":29,"column":1}},"1":{"start":{"line":5,"column":34},"end":{"line":5,"column":49}},"2":{"start":{"line":6,"column":24},"end":{"line":8,"column":4}},"3":{"start":{"line":7,"column":7},"end":{"line":7,"column":23}},"4":{"start":{"line":9,"column":22},"end":{"line":11,"column":4}},"5":{"start":{"line":10,"column":6},"end":{"line":10,"column":28}},"6":{"start":{"line":12,"column":24},"end":{"line":14,"column":2}},"7":{"start":{"line":13,"column":4},"end":{"line":13,"column":22}},"8":{"start":{"line":15,"column":16},"end":{"line":15,"column":37}},"9":{"start":{"line":16,"column":3},"end":{"line":18,"column":4}},"10":{"start":{"line":17,"column":5},"end":{"line":17,"column":78}},"11":{"start":{"line":20,"column":2},"end":{"line":28,"column":3}}},"fnMap":{"0":{"name":"(anonymous_0)","decl":{"start":{"line":4,"column":17},"end":{"line":4,"column":18}},"loc":{"start":{"line":4,"column":45},"end":{"line":29,"column":1}},"line":4},"1":{"name":"(anonymous_1)","decl":{"start":{"line":6,"column":24},"end":{"line":6,"column":25}},"loc":{"start":{"line":6,"column":29},"end":{"line":8,"column":4}},"line":6},"2":{"name":"(anonymous_2)","decl":{"start":{"line":9,"column":22},"end":{"line":9,"column":23}},"loc":{"start":{"line":9,"column":27},"end":{"line":11,"column":4}},"line":9},"3":{"name":"(anonymous_3)","decl":{"start":{"line":12,"column":24},"end":{"line":12,"column":25}},"loc":{"start":{"line":12,"column":29},"end":{"line":14,"column":2}},"line":12}},"branchMap":{"0":{"loc":{"start":{"line":16,"column":3},"end":{"line":18,"column":4}},"type":"if","locations":[{"start":{"line":16,"column":3},"end":{"line":18,"column":4}},{"start":{},"end":{}}],"line":16}},"s":{"0":0,"1":0,"2":0,"3":0,"4":0,"5":0,"6":0,"7":0,"8":0,"9":0,"10":0,"11":0},"f":{"0":0,"1":0,"2":0,"3":0},"b":{"0":[0,0]}}
,"/home/devikanth/Desktop/my-app/src/components/Books.js": {"path":"/home/devikanth/Desktop/my-app/src/components/Books.js","statementMap":{"0":{"start":{"line":4,"column":14},"end":{"line":36,"column":1}},"1":{"start":{"line":5,"column":30},"end":{"line":5,"column":42}},"2":{"start":{"line":6,"column":24},"end":{"line":6,"column":35}},"3":{"start":{"line":7,"column":23},"end":{"line":14,"column":5}},"4":{"start":{"line":9,"column":8},"end":{"line":11,"column":11}},"5":{"start":{"line":16,"column":27},"end":{"line":21,"column":5}},"6":{"start":{"line":17,"column":30},"end":{"line":19,"column":10}},"7":{"start":{"line":18,"column":12},"end":{"line":18,"column":40}},"8":{"start":{"line":20,"column":8},"end":{"line":20,"column":30}},"9":{"start":{"line":22,"column":25},"end":{"line":29,"column":5}},"10":{"start":{"line":23,"column":29},"end":{"line":27,"column":10}},"11":{"start":{"line":24,"column":12},"end":{"line":26,"column":13}},"12":{"start":{"line":25,"column":16},"end":{"line":25,"column":48}},"13":{"start":{"line":28,"column":8},"end":{"line":28,"column":30}},"14":{"start":{"line":30,"column":2},"end":{"line":35,"column":3}}},"fnMap":{"0":{"name":"(anonymous_0)","decl":{"start":{"line":4,"column":14},"end":{"line":4,"column":15}},"loc":{"start":{"line":4,"column":20},"end":{"line":36,"column":1}},"line":4},"1":{"name":"(anonymous_1)","decl":{"start":{"line":7,"column":23},"end":{"line":7,"column":24}},"loc":{"start":{"line":7,"column":33},"end":{"line":14,"column":5}},"line":7},"2":{"name":"(anonymous_2)","decl":{"start":{"line":16,"column":27},"end":{"line":16,"column":28}},"loc":{"start":{"line":16,"column":41},"end":{"line":21,"column":5}},"line":16},"3":{"name":"(anonymous_3)","decl":{"start":{"line":17,"column":43},"end":{"line":17,"column":44}},"loc":{"start":{"line":17,"column":51},"end":{"line":19,"column":9}},"line":17},"4":{"name":"(anonymous_4)","decl":{"start":{"line":22,"column":25},"end":{"line":22,"column":26}},"loc":{"start":{"line":22,"column":45},"end":{"line":29,"column":5}},"line":22},"5":{"name":"(anonymous_5)","decl":{"start":{"line":23,"column":39},"end":{"line":23,"column":40}},"loc":{"start":{"line":23,"column":47},"end":{"line":27,"column":9}},"line":23}},"branchMap":{"0":{"loc":{"start":{"line":24,"column":12},"end":{"line":26,"column":13}},"type":"if","locations":[{"start":{"line":24,"column":12},"end":{"line":26,"column":13}},{"start":{},"end":{}}],"line":24}},"s":{"0":0,"1":0,"2":0,"3":0,"4":0,"5":0,"6":0,"7":0,"8":0,"9":0,"10":0,"11":0,"12":0,"13":0,"14":0},"f":{"0":0,"1":0,"2":0,"3":0,"4":0,"5":0},"b":{"0":[0,0]}}
,"/home/devikanth/Desktop/my-app/src/components/CounterPage.js": {"path":"/home/devikanth/Desktop/my-app/src/components/CounterPage.js","statementMap":{"0":{"start":{"line":4,"column":30},"end":{"line":4,"column":52}},"1":{"start":{"line":5,"column":4},"end":{"line":7,"column":14}},"2":{"start":{"line":6,"column":8},"end":{"line":6,"column":26}},"3":{"start":{"line":8,"column":24},"end":{"line":10,"column":5}},"4":{"start":{"line":9,"column":8},"end":{"line":9,"column":25}},"5":{"start":{"line":11,"column":4},"end":{"line":14,"column":5}},"6":{"start":{"line":16,"column":20},"end":{"line":26,"column":1}},"7":{"start":{"line":17,"column":30},"end":{"line":17,"column":58}},"8":{"start":{"line":20,"column":2},"end":{"line":25,"column":3}}},"fnMap":{"0":{"name":"useSomething","decl":{"start":{"line":3,"column":9},"end":{"line":3,"column":21}},"loc":{"start":{"line":3,"column":38},"end":{"line":15,"column":1}},"line":3},"1":{"name":"(anonymous_1)","decl":{"start":{"line":5,"column":14},"end":{"line":5,"column":15}},"loc":{"start":{"line":5,"column":18},"end":{"line":7,"column":5}},"line":5},"2":{"name":"(anonymous_2)","decl":{"start":{"line":8,"column":24},"end":{"line":8,"column":25}},"loc":{"start":{"line":8,"column":28},"end":{"line":10,"column":5}},"line":8},"3":{"name":"(anonymous_3)","decl":{"start":{"line":16,"column":20},"end":{"line":16,"column":21}},"loc":{"start":{"line":16,"column":40},"end":{"line":26,"column":1}},"line":16}},"branchMap":{},"s":{"0":0,"1":0,"2":0,"3":0,"4":0,"5":0,"6":0,"7":0,"8":0},"f":{"0":0,"1":0,"2":0,"3":0},"b":{}}
,"/home/devikanth/Desktop/my-app/src/components/chaildtoparent/Chaild.js": {"path":"/home/devikanth/Desktop/my-app/src/components/chaildtoparent/Chaild.js","statementMap":{"0":{"start":{"line":3,"column":15},"end":{"line":15,"column":1}},"1":{"start":{"line":4,"column":34},"end":{"line":6,"column":5}},"2":{"start":{"line":5,"column":8},"end":{"line":5,"column":51}},"3":{"start":{"line":7,"column":2},"end":{"line":14,"column":3}}},"fnMap":{"0":{"name":"(anonymous_0)","decl":{"start":{"line":3,"column":15},"end":{"line":3,"column":16}},"loc":{"start":{"line":3,"column":36},"end":{"line":15,"column":1}},"line":3},"1":{"name":"(anonymous_1)","decl":{"start":{"line":4,"column":34},"end":{"line":4,"column":35}},"loc":{"start":{"line":4,"column":39},"end":{"line":6,"column":5}},"line":4}},"branchMap":{},"s":{"0":0,"1":0,"2":0,"3":0},"f":{"0":0,"1":0},"b":{}}
,"/home/devikanth/Desktop/my-app/src/components/chaildtoparent/Parent.js": {"path":"/home/devikanth/Desktop/my-app/src/components/chaildtoparent/Parent.js","statementMap":{"0":{"start":{"line":4,"column":15},"end":{"line":17,"column":1}},"1":{"start":{"line":5,"column":26},"end":{"line":5,"column":38}},"2":{"start":{"line":7,"column":22},"end":{"line":9,"column":3}},"3":{"start":{"line":8,"column":4},"end":{"line":8,"column":18}},"4":{"start":{"line":10,"column":2},"end":{"line":16,"column":3}}},"fnMap":{"0":{"name":"(anonymous_0)","decl":{"start":{"line":4,"column":15},"end":{"line":4,"column":16}},"loc":{"start":{"line":4,"column":21},"end":{"line":17,"column":1}},"line":4},"1":{"name":"(anonymous_1)","decl":{"start":{"line":7,"column":22},"end":{"line":7,"column":23}},"loc":{"start":{"line":7,"column":32},"end":{"line":9,"column":3}},"line":7}},"branchMap":{},"s":{"0":0,"1":0,"2":0,"3":0,"4":0},"f":{"0":0,"1":0},"b":{}}
,"/home/devikanth/Desktop/my-app/src/components/debounce/Debounce.js": {"path":"/home/devikanth/Desktop/my-app/src/components/debounce/Debounce.js","statementMap":{"0":{"start":{"line":3,"column":17},"end":{"line":40,"column":1}},"1":{"start":{"line":4,"column":38},"end":{"line":4,"column":50}},"2":{"start":{"line":6,"column":2},"end":{"line":11,"column":9}},"3":{"start":{"line":8,"column":4},"end":{"line":10,"column":6}},"4":{"start":{"line":9,"column":6},"end":{"line":9,"column":28}},"5":{"start":{"line":16,"column":4},"end":{"line":21,"column":6}},"6":{"start":{"line":17,"column":6},"end":{"line":17,"column":28}},"7":{"start":{"line":18,"column":6},"end":{"line":20,"column":16}},"8":{"start":{"line":19,"column":8},"end":{"line":19,"column":31}},"9":{"start":{"line":24,"column":28},"end":{"line":27,"column":3}},"10":{"start":{"line":25,"column":4},"end":{"line":25,"column":38}},"11":{"start":{"line":30,"column":37},"end":{"line":30,"column":69}},"12":{"start":{"line":32,"column":2},"end":{"line":39,"column":4}}},"fnMap":{"0":{"name":"(anonymous_0)","decl":{"start":{"line":3,"column":17},"end":{"line":3,"column":18}},"loc":{"start":{"line":3,"column":23},"end":{"line":40,"column":1}},"line":3},"1":{"name":"(anonymous_1)","decl":{"start":{"line":6,"column":12},"end":{"line":6,"column":13}},"loc":{"start":{"line":6,"column":18},"end":{"line":11,"column":3}},"line":6},"2":{"name":"(anonymous_2)","decl":{"start":{"line":8,"column":11},"end":{"line":8,"column":12}},"loc":{"start":{"line":8,"column":17},"end":{"line":10,"column":5}},"line":8},"3":{"name":"debounce","decl":{"start":{"line":15,"column":11},"end":{"line":15,"column":19}},"loc":{"start":{"line":15,"column":33},"end":{"line":22,"column":3}},"line":15},"4":{"name":"(anonymous_4)","decl":{"start":{"line":16,"column":11},"end":{"line":16,"column":12}},"loc":{"start":{"line":16,"column":30},"end":{"line":21,"column":5}},"line":16},"5":{"name":"(anonymous_5)","decl":{"start":{"line":18,"column":27},"end":{"line":18,"column":28}},"loc":{"start":{"line":18,"column":33},"end":{"line":20,"column":7}},"line":18},"6":{"name":"(anonymous_6)","decl":{"start":{"line":24,"column":28},"end":{"line":24,"column":29}},"loc":{"start":{"line":24,"column":39},"end":{"line":27,"column":3}},"line":24}},"branchMap":{},"s":{"0":0,"1":0,"2":0,"3":0,"4":0,"5":0,"6":0,"7":0,"8":0,"9":0,"10":0,"11":0,"12":0},"f":{"0":0,"1":0,"2":0,"3":0,"4":0,"5":0,"6":0},"b":{}}
,"/home/devikanth/Desktop/my-app/src/components/dynamicData/DynamicTable.js": {"path":"/home/devikanth/Desktop/my-app/src/components/dynamicData/DynamicTable.js","statementMap":{"0":{"start":{"line":3,"column":21},"end":{"line":51,"column":1}},"1":{"start":{"line":4,"column":37},"end":{"line":4,"column":48}},"2":{"start":{"line":5,"column":30},"end":{"line":5,"column":41}},"3":{"start":{"line":6,"column":38},"end":{"line":6,"column":49}},"4":{"start":{"line":11,"column":24},"end":{"line":14,"column":5}},"5":{"start":{"line":12,"column":6},"end":{"line":12,"column":17}},"6":{"start":{"line":13,"column":6},"end":{"line":13,"column":68}},"7":{"start":{"line":15,"column":4},"end":{"line":16,"column":13}},"8":{"start":{"line":17,"column":28},"end":{"line":29,"column":5}},"9":{"start":{"line":18,"column":21},"end":{"line":18,"column":23}},"10":{"start":{"line":19,"column":8},"end":{"line":26,"column":9}},"11":{"start":{"line":19,"column":25},"end":{"line":19,"column":26}},"12":{"start":{"line":20,"column":12},"end":{"line":25,"column":12}},"13":{"start":{"line":22,"column":54},"end":{"line":22,"column":68}},"14":{"start":{"line":28,"column":8},"end":{"line":28,"column":20}},"15":{"start":{"line":32,"column":4},"end":{"line":32,"column":39}},"16":{"start":{"line":33,"column":2},"end":{"line":50,"column":3}},"17":{"start":{"line":35,"column":28},"end":{"line":35,"column":53}}},"fnMap":{"0":{"name":"(anonymous_0)","decl":{"start":{"line":3,"column":21},"end":{"line":3,"column":22}},"loc":{"start":{"line":3,"column":27},"end":{"line":51,"column":1}},"line":3},"1":{"name":"(anonymous_1)","decl":{"start":{"line":11,"column":24},"end":{"line":11,"column":25}},"loc":{"start":{"line":11,"column":29},"end":{"line":14,"column":5}},"line":11},"2":{"name":"(anonymous_2)","decl":{"start":{"line":15,"column":15},"end":{"line":15,"column":16}},"loc":{"start":{"line":15,"column":19},"end":{"line":16,"column":5}},"line":15},"3":{"name":"(anonymous_3)","decl":{"start":{"line":17,"column":28},"end":{"line":17,"column":29}},"loc":{"start":{"line":17,"column":40},"end":{"line":29,"column":5}},"line":17},"4":{"name":"(anonymous_4)","decl":{"start":{"line":22,"column":47},"end":{"line":22,"column":48}},"loc":{"start":{"line":22,"column":54},"end":{"line":22,"column":68}},"line":22},"5":{"name":"(anonymous_5)","decl":{"start":{"line":35,"column":23},"end":{"line":35,"column":24}},"loc":{"start":{"line":35,"column":27},"end":{"line":35,"column":54}},"line":35}},"branchMap":{},"s":{"0":0,"1":0,"2":0,"3":0,"4":0,"5":0,"6":0,"7":0,"8":0,"9":0,"10":0,"11":0,"12":0,"13":0,"14":0,"15":0,"16":0,"17":0},"f":{"0":0,"1":0,"2":0,"3":0,"4":0,"5":0},"b":{}}
,"/home/devikanth/Desktop/my-app/src/components/route/Routes.js": {"path":"/home/devikanth/Desktop/my-app/src/components/route/Routes.js","statementMap":{"0":{"start":{"line":31,"column":19},"end":{"line":66,"column":1}},"1":{"start":{"line":32,"column":26},"end":{"line":32,"column":50}},"2":{"start":{"line":32,"column":30},"end":{"line":32,"column":50}},"3":{"start":{"line":33,"column":2},"end":{"line":65,"column":3}}},"fnMap":{"0":{"name":"(anonymous_0)","decl":{"start":{"line":31,"column":19},"end":{"line":31,"column":20}},"loc":{"start":{"line":31,"column":25},"end":{"line":66,"column":1}},"line":31},"1":{"name":"(anonymous_1)","decl":{"start":{"line":32,"column":26},"end":{"line":32,"column":27}},"loc":{"start":{"line":32,"column":30},"end":{"line":32,"column":50}},"line":32}},"branchMap":{},"s":{"0":0,"1":0,"2":0,"3":0},"f":{"0":0,"1":0},"b":{}}
,"/home/devikanth/Desktop/my-app/src/components/usememowithYT/ExpensiveCalCulation.js": {"path":"/home/devikanth/Desktop/my-app/src/components/usememowithYT/ExpensiveCalCulation.js","statementMap":{"0":{"start":{"line":3,"column":29},"end":{"line":10,"column":1}},"1":{"start":{"line":4,"column":4},"end":{"line":4,"column":31}},"2":{"start":{"line":5,"column":4},"end":{"line":7,"column":5}},"3":{"start":{"line":5,"column":15},"end":{"line":5,"column":16}},"4":{"start":{"line":6,"column":8},"end":{"line":6,"column":19}},"5":{"start":{"line":8,"column":2},"end":{"line":8,"column":15}}},"fnMap":{"0":{"name":"(anonymous_0)","decl":{"start":{"line":3,"column":29},"end":{"line":3,"column":30}},"loc":{"start":{"line":3,"column":40},"end":{"line":10,"column":1}},"line":3}},"branchMap":{},"s":{"0":0,"1":0,"2":0,"3":0,"4":0,"5":0},"f":{"0":0},"b":{}}
,"/home/devikanth/Desktop/my-app/src/components/usememowithYT/TestUseMemo.js": {"path":"/home/devikanth/Desktop/my-app/src/components/usememowithYT/TestUseMemo.js","statementMap":{"0":{"start":{"line":5,"column":0},"end":{"line":48,"column":3}},"1":{"start":{"line":6,"column":2},"end":{"line":16,"column":5}},"2":{"start":{"line":7,"column":37},"end":{"line":7,"column":63}},"3":{"start":{"line":10,"column":4},"end":{"line":10,"column":54}},"4":{"start":{"line":11,"column":4},"end":{"line":11,"column":54}},"5":{"start":{"line":14,"column":4},"end":{"line":14,"column":43}},"6":{"start":{"line":15,"column":4},"end":{"line":15,"column":54}},"7":{"start":{"line":18,"column":2},"end":{"line":29,"column":5}},"8":{"start":{"line":19,"column":26},"end":{"line":19,"column":52}},"9":{"start":{"line":22,"column":25},"end":{"line":22,"column":39}},"10":{"start":{"line":23,"column":4},"end":{"line":23,"column":45}},"11":{"start":{"line":26,"column":4},"end":{"line":26,"column":36}},"12":{"start":{"line":27,"column":25},"end":{"line":27,"column":39}},"13":{"start":{"line":28,"column":4},"end":{"line":28,"column":45}},"14":{"start":{"line":31,"column":2},"end":{"line":47,"column":5}},"15":{"start":{"line":32,"column":36},"end":{"line":32,"column":62}},"16":{"start":{"line":35,"column":31},"end":{"line":35,"column":65}},"17":{"start":{"line":36,"column":4},"end":{"line":36,"column":51}},"18":{"start":{"line":39,"column":4},"end":{"line":39,"column":36}},"19":{"start":{"line":42,"column":4},"end":{"line":42,"column":33}},"20":{"start":{"line":45,"column":31},"end":{"line":45,"column":65}},"21":{"start":{"line":46,"column":4},"end":{"line":46,"column":51}}},"fnMap":{"0":{"name":"(anonymous_0)","decl":{"start":{"line":5,"column":27},"end":{"line":5,"column":28}},"loc":{"start":{"line":5,"column":33},"end":{"line":48,"column":1}},"line":5},"1":{"name":"(anonymous_1)","decl":{"start":{"line":6,"column":50},"end":{"line":6,"column":51}},"loc":{"start":{"line":6,"column":56},"end":{"line":16,"column":3}},"line":6},"2":{"name":"(anonymous_2)","decl":{"start":{"line":18,"column":62},"end":{"line":18,"column":63}},"loc":{"start":{"line":18,"column":68},"end":{"line":29,"column":3}},"line":18},"3":{"name":"(anonymous_3)","decl":{"start":{"line":31,"column":47},"end":{"line":31,"column":48}},"loc":{"start":{"line":31,"column":53},"end":{"line":47,"column":3}},"line":31}},"branchMap":{},"s":{"0":0,"1":0,"2":0,"3":0,"4":0,"5":0,"6":0,"7":0,"8":0,"9":0,"10":0,"11":0,"12":0,"13":0,"14":0,"15":0,"16":0,"17":0,"18":0,"19":0,"20":0,"21":0},"f":{"0":0,"1":0,"2":0,"3":0},"b":{}}
,"/home/devikanth/Desktop/my-app/src/components/usememowithYT/UseMemoExample.js": {"path":"/home/devikanth/Desktop/my-app/src/components/usememowithYT/UseMemoExample.js","statementMap":{"0":{"start":{"line":4,"column":23},"end":{"line":34,"column":1}},"1":{"start":{"line":5,"column":28},"end":{"line":5,"column":39}},"2":{"start":{"line":6,"column":28},"end":{"line":6,"column":40}},"3":{"start":{"line":7,"column":24},"end":{"line":9,"column":13}},"4":{"start":{"line":8,"column":8},"end":{"line":8,"column":35}},"5":{"start":{"line":10,"column":20},"end":{"line":12,"column":5}},"6":{"start":{"line":11,"column":8},"end":{"line":11,"column":55}},"7":{"start":{"line":11,"column":29},"end":{"line":11,"column":54}},"8":{"start":{"line":13,"column":22},"end":{"line":15,"column":5}},"9":{"start":{"line":14,"column":8},"end":{"line":14,"column":28}},"10":{"start":{"line":16,"column":2},"end":{"line":33,"column":3}},"11":{"start":{"line":21,"column":16},"end":{"line":23,"column":17}}},"fnMap":{"0":{"name":"(anonymous_0)","decl":{"start":{"line":4,"column":23},"end":{"line":4,"column":24}},"loc":{"start":{"line":4,"column":29},"end":{"line":34,"column":1}},"line":4},"1":{"name":"(anonymous_1)","decl":{"start":{"line":7,"column":32},"end":{"line":7,"column":33}},"loc":{"start":{"line":8,"column":8},"end":{"line":8,"column":35}},"line":8},"2":{"name":"(anonymous_2)","decl":{"start":{"line":10,"column":20},"end":{"line":10,"column":21}},"loc":{"start":{"line":10,"column":25},"end":{"line":12,"column":5}},"line":10},"3":{"name":"(anonymous_3)","decl":{"start":{"line":11,"column":17},"end":{"line":11,"column":18}},"loc":{"start":{"line":11,"column":29},"end":{"line":11,"column":54}},"line":11},"4":{"name":"(anonymous_4)","decl":{"start":{"line":13,"column":22},"end":{"line":13,"column":23}},"loc":{"start":{"line":13,"column":27},"end":{"line":15,"column":5}},"line":13},"5":{"name":"(anonymous_5)","decl":{"start":{"line":20,"column":23},"end":{"line":20,"column":24}},"loc":{"start":{"line":20,"column":31},"end":{"line":24,"column":13}},"line":20}},"branchMap":{},"s":{"0":0,"1":0,"2":0,"3":0,"4":0,"5":0,"6":0,"7":0,"8":0,"9":0,"10":0,"11":0},"f":{"0":0,"1":0,"2":0,"3":0,"4":0,"5":0},"b":{}}
,"/home/devikanth/Desktop/my-app/src/context/Counter.js": {"path":"/home/devikanth/Desktop/my-app/src/context/Counter.js","statementMap":{"0":{"start":{"line":4,"column":23},"end":{"line":13,"column":1}},"1":{"start":{"line":5,"column":40},"end":{"line":5,"column":64}},"2":{"start":{"line":6,"column":4},"end":{"line":12,"column":8}}},"fnMap":{"0":{"name":"(anonymous_0)","decl":{"start":{"line":4,"column":23},"end":{"line":4,"column":24}},"loc":{"start":{"line":4,"column":29},"end":{"line":13,"column":1}},"line":4}},"branchMap":{},"s":{"0":0,"1":0,"2":0},"f":{"0":0},"b":{}}
,"/home/devikanth/Desktop/my-app/src/context/DisplayCount.js": {"path":"/home/devikanth/Desktop/my-app/src/context/DisplayCount.js","statementMap":{"0":{"start":{"line":4,"column":21},"end":{"line":9,"column":1}},"1":{"start":{"line":5,"column":20},"end":{"line":5,"column":44}},"2":{"start":{"line":6,"column":2},"end":{"line":8,"column":3}}},"fnMap":{"0":{"name":"(anonymous_0)","decl":{"start":{"line":4,"column":21},"end":{"line":4,"column":22}},"loc":{"start":{"line":4,"column":27},"end":{"line":9,"column":1}},"line":4}},"branchMap":{},"s":{"0":0,"1":0,"2":0},"f":{"0":0},"b":{}}
,"/home/devikanth/Desktop/my-app/src/context/DisplayInputValue.js": {"path":"/home/devikanth/Desktop/my-app/src/context/DisplayInputValue.js","statementMap":{"0":{"start":{"line":4,"column":26},"end":{"line":9,"column":1}},"1":{"start":{"line":5,"column":24},"end":{"line":5,"column":48}},"2":{"start":{"line":6,"column":2},"end":{"line":8,"column":3}}},"fnMap":{"0":{"name":"(anonymous_0)","decl":{"start":{"line":4,"column":26},"end":{"line":4,"column":27}},"loc":{"start":{"line":4,"column":32},"end":{"line":9,"column":1}},"line":4}},"branchMap":{},"s":{"0":0,"1":0,"2":0},"f":{"0":0},"b":{}}
,"/home/devikanth/Desktop/my-app/src/context/InputValueContext.js": {"path":"/home/devikanth/Desktop/my-app/src/context/InputValueContext.js","statementMap":{"0":{"start":{"line":4,"column":26},"end":{"line":18,"column":1}},"1":{"start":{"line":5,"column":36},"end":{"line":5,"column":60}},"2":{"start":{"line":6,"column":39},"end":{"line":6,"column":49}},"3":{"start":{"line":7,"column":27},"end":{"line":10,"column":5}},"4":{"start":{"line":8,"column":8},"end":{"line":8,"column":25}},"5":{"start":{"line":9,"column":8},"end":{"line":9,"column":26}},"6":{"start":{"line":11,"column":2},"end":{"line":17,"column":3}},"7":{"start":{"line":13,"column":63},"end":{"line":13,"column":92}},"8":{"start":{"line":14,"column":32},"end":{"line":14,"column":58}}},"fnMap":{"0":{"name":"(anonymous_0)","decl":{"start":{"line":4,"column":26},"end":{"line":4,"column":27}},"loc":{"start":{"line":4,"column":32},"end":{"line":18,"column":1}},"line":4},"1":{"name":"(anonymous_1)","decl":{"start":{"line":7,"column":27},"end":{"line":7,"column":28}},"loc":{"start":{"line":7,"column":37},"end":{"line":10,"column":5}},"line":7},"2":{"name":"(anonymous_2)","decl":{"start":{"line":13,"column":57},"end":{"line":13,"column":58}},"loc":{"start":{"line":13,"column":62},"end":{"line":13,"column":93}},"line":13},"3":{"name":"(anonymous_3)","decl":{"start":{"line":14,"column":27},"end":{"line":14,"column":28}},"loc":{"start":{"line":14,"column":31},"end":{"line":14,"column":59}},"line":14}},"branchMap":{},"s":{"0":0,"1":0,"2":0,"3":0,"4":0,"5":0,"6":0,"7":0,"8":0},"f":{"0":0,"1":0,"2":0,"3":0},"b":{}}
,"/home/devikanth/Desktop/my-app/src/context/MyContext.js": {"path":"/home/devikanth/Desktop/my-app/src/context/MyContext.js","statementMap":{"0":{"start":{"line":4,"column":21},"end":{"line":4,"column":36}},"1":{"start":{"line":7,"column":22},"end":{"line":34,"column":1}},"2":{"start":{"line":8,"column":28},"end":{"line":8,"column":39}},"3":{"start":{"line":9,"column":40},"end":{"line":9,"column":50}},"4":{"start":{"line":10,"column":20},"end":{"line":12,"column":3}},"5":{"start":{"line":11,"column":4},"end":{"line":11,"column":24}},"6":{"start":{"line":14,"column":20},"end":{"line":16,"column":3}},"7":{"start":{"line":15,"column":4},"end":{"line":15,"column":24}},"8":{"start":{"line":18,"column":20},"end":{"line":20,"column":3}},"9":{"start":{"line":19,"column":4},"end":{"line":19,"column":25}},"10":{"start":{"line":21,"column":20},"end":{"line":27,"column":1}},"11":{"start":{"line":29,"column":2},"end":{"line":33,"column":4}}},"fnMap":{"0":{"name":"(anonymous_0)","decl":{"start":{"line":7,"column":22},"end":{"line":7,"column":23}},"loc":{"start":{"line":7,"column":40},"end":{"line":34,"column":1}},"line":7},"1":{"name":"(anonymous_1)","decl":{"start":{"line":10,"column":20},"end":{"line":10,"column":21}},"loc":{"start":{"line":10,"column":26},"end":{"line":12,"column":3}},"line":10},"2":{"name":"(anonymous_2)","decl":{"start":{"line":14,"column":20},"end":{"line":14,"column":21}},"loc":{"start":{"line":14,"column":26},"end":{"line":16,"column":3}},"line":14},"3":{"name":"(anonymous_3)","decl":{"start":{"line":18,"column":20},"end":{"line":18,"column":21}},"loc":{"start":{"line":18,"column":30},"end":{"line":20,"column":3}},"line":18}},"branchMap":{},"s":{"0":0,"1":0,"2":0,"3":0,"4":0,"5":0,"6":0,"7":0,"8":0,"9":0,"10":0,"11":0},"f":{"0":0,"1":0,"2":0,"3":0},"b":{}}
,"/home/devikanth/Desktop/my-app/src/customHook/HandleWindowSize.js": {"path":"/home/devikanth/Desktop/my-app/src/customHook/HandleWindowSize.js","statementMap":{"0":{"start":{"line":4,"column":25},"end":{"line":13,"column":1}},"1":{"start":{"line":5,"column":19},"end":{"line":5,"column":34}},"2":{"start":{"line":6,"column":2},"end":{"line":12,"column":3}}},"fnMap":{"0":{"name":"(anonymous_0)","decl":{"start":{"line":4,"column":25},"end":{"line":4,"column":26}},"loc":{"start":{"line":4,"column":31},"end":{"line":13,"column":1}},"line":4}},"branchMap":{},"s":{"0":0,"1":0,"2":0},"f":{"0":0},"b":{}}
,"/home/devikanth/Desktop/my-app/src/customHook/useWindowSize.js": {"path":"/home/devikanth/Desktop/my-app/src/customHook/useWindowSize.js","statementMap":{"0":{"start":{"line":3,"column":22},"end":{"line":26,"column":1}},"1":{"start":{"line":4,"column":40},"end":{"line":9,"column":5}},"2":{"start":{"line":11,"column":8},"end":{"line":14,"column":10}},"3":{"start":{"line":16,"column":4},"end":{"line":22,"column":10}},"4":{"start":{"line":17,"column":8},"end":{"line":17,"column":23}},"5":{"start":{"line":18,"column":8},"end":{"line":18,"column":55}},"6":{"start":{"line":19,"column":8},"end":{"line":21,"column":9}},"7":{"start":{"line":20,"column":12},"end":{"line":20,"column":61}},"8":{"start":{"line":23,"column":2},"end":{"line":25,"column":3}}},"fnMap":{"0":{"name":"(anonymous_0)","decl":{"start":{"line":3,"column":22},"end":{"line":3,"column":23}},"loc":{"start":{"line":3,"column":28},"end":{"line":26,"column":1}},"line":3},"1":{"name":"handleResize","decl":{"start":{"line":10,"column":13},"end":{"line":10,"column":25}},"loc":{"start":{"line":10,"column":27},"end":{"line":15,"column":5}},"line":10},"2":{"name":"(anonymous_2)","decl":{"start":{"line":16,"column":14},"end":{"line":16,"column":15}},"loc":{"start":{"line":16,"column":18},"end":{"line":22,"column":5}},"line":16},"3":{"name":"(anonymous_3)","decl":{"start":{"line":19,"column":14},"end":{"line":19,"column":15}},"loc":{"start":{"line":19,"column":19},"end":{"line":21,"column":9}},"line":19}},"branchMap":{},"s":{"0":0,"1":0,"2":0,"3":0,"4":0,"5":0,"6":0,"7":0,"8":0},"f":{"0":0,"1":0,"2":0,"3":0},"b":{}}
,"/home/devikanth/Desktop/my-app/src/formValidation/FormValidation.js": {"path":"/home/devikanth/Desktop/my-app/src/formValidation/FormValidation.js","statementMap":{"0":{"start":{"line":3,"column":23},"end":{"line":84,"column":1}},"1":{"start":{"line":4,"column":37},"end":{"line":9,"column":6}},"2":{"start":{"line":10,"column":30},"end":{"line":10,"column":42}},"3":{"start":{"line":11,"column":25},"end":{"line":36,"column":5}},"4":{"start":{"line":12,"column":26},"end":{"line":12,"column":28}},"5":{"start":{"line":15,"column":22},"end":{"line":15,"column":37}},"6":{"start":{"line":16,"column":24},"end":{"line":16,"column":37}},"7":{"start":{"line":17,"column":23},"end":{"line":17,"column":73}},"8":{"start":{"line":18,"column":25},"end":{"line":18,"column":88}},"9":{"start":{"line":20,"column":4},"end":{"line":22,"column":5}},"10":{"start":{"line":21,"column":8},"end":{"line":21,"column":43}},"11":{"start":{"line":23,"column":4},"end":{"line":25,"column":5}},"12":{"start":{"line":24,"column":8},"end":{"line":24,"column":54}},"13":{"start":{"line":27,"column":4},"end":{"line":29,"column":5}},"14":{"start":{"line":28,"column":8},"end":{"line":28,"column":45}},"15":{"start":{"line":30,"column":4},"end":{"line":32,"column":5}},"16":{"start":{"line":31,"column":8},"end":{"line":31,"column":50}},"17":{"start":{"line":33,"column":4},"end":{"line":33,"column":25}},"18":{"start":{"line":35,"column":4},"end":{"line":35,"column":47}},"19":{"start":{"line":38,"column":25},"end":{"line":44,"column":5}},"20":{"start":{"line":39,"column":28},"end":{"line":39,"column":36}},"21":{"start":{"line":40,"column":8},"end":{"line":43,"column":10}},"22":{"start":{"line":45,"column":24},"end":{"line":52,"column":5}},"23":{"start":{"line":46,"column":8},"end":{"line":51,"column":9}},"24":{"start":{"line":47,"column":12},"end":{"line":47,"column":35}},"25":{"start":{"line":50,"column":12},"end":{"line":50,"column":41}},"26":{"start":{"line":53,"column":2},"end":{"line":83,"column":3}}},"fnMap":{"0":{"name":"(anonymous_0)","decl":{"start":{"line":3,"column":23},"end":{"line":3,"column":24}},"loc":{"start":{"line":3,"column":29},"end":{"line":84,"column":1}},"line":3},"1":{"name":"(anonymous_1)","decl":{"start":{"line":11,"column":25},"end":{"line":11,"column":26}},"loc":{"start":{"line":11,"column":31},"end":{"line":36,"column":5}},"line":11},"2":{"name":"(anonymous_2)","decl":{"start":{"line":38,"column":25},"end":{"line":38,"column":26}},"loc":{"start":{"line":38,"column":31},"end":{"line":44,"column":5}},"line":38},"3":{"name":"(anonymous_3)","decl":{"start":{"line":45,"column":24},"end":{"line":45,"column":25}},"loc":{"start":{"line":45,"column":28},"end":{"line":52,"column":5}},"line":45}},"branchMap":{"0":{"loc":{"start":{"line":20,"column":4},"end":{"line":22,"column":5}},"type":"if","locations":[{"start":{"line":20,"column":4},"end":{"line":22,"column":5}},{"start":{},"end":{}}],"line":20},"1":{"loc":{"start":{"line":23,"column":4},"end":{"line":25,"column":5}},"type":"if","locations":[{"start":{"line":23,"column":4},"end":{"line":25,"column":5}},{"start":{},"end":{}}],"line":23},"2":{"loc":{"start":{"line":27,"column":4},"end":{"line":29,"column":5}},"type":"if","locations":[{"start":{"line":27,"column":4},"end":{"line":29,"column":5}},{"start":{},"end":{}}],"line":27},"3":{"loc":{"start":{"line":30,"column":4},"end":{"line":32,"column":5}},"type":"if","locations":[{"start":{"line":30,"column":4},"end":{"line":32,"column":5}},{"start":{},"end":{}}],"line":30},"4":{"loc":{"start":{"line":46,"column":8},"end":{"line":51,"column":9}},"type":"if","locations":[{"start":{"line":46,"column":8},"end":{"line":51,"column":9}},{"start":{"line":49,"column":12},"end":{"line":51,"column":9}}],"line":46},"5":{"loc":{"start":{"line":60,"column":13},"end":{"line":60,"column":54}},"type":"binary-expr","locations":[{"start":{"line":60,"column":13},"end":{"line":60,"column":24}},{"start":{"line":60,"column":28},"end":{"line":60,"column":54}}],"line":60},"6":{"loc":{"start":{"line":67,"column":13},"end":{"line":67,"column":58}},"type":"binary-expr","locations":[{"start":{"line":67,"column":13},"end":{"line":67,"column":26}},{"start":{"line":67,"column":30},"end":{"line":67,"column":58}}],"line":67},"7":{"loc":{"start":{"line":72,"column":13},"end":{"line":72,"column":56}},"type":"binary-expr","locations":[{"start":{"line":72,"column":13},"end":{"line":72,"column":25}},{"start":{"line":72,"column":29},"end":{"line":72,"column":56}}],"line":72},"8":{"loc":{"start":{"line":78,"column":17},"end":{"line":78,"column":64}},"type":"binary-expr","locations":[{"start":{"line":78,"column":17},"end":{"line":78,"column":31}},{"start":{"line":78,"column":35},"end":{"line":78,"column":64}}],"line":78}},"s":{"0":0,"1":0,"2":0,"3":0,"4":0,"5":0,"6":0,"7":0,"8":0,"9":0,"10":0,"11":0,"12":0,"13":0,"14":0,"15":0,"16":0,"17":0,"18":0,"19":0,"20":0,"21":0,"22":0,"23":0,"24":0,"25":0,"26":0},"f":{"0":0,"1":0,"2":0,"3":0},"b":{"0":[0,0],"1":[0,0],"2":[0,0],"3":[0,0],"4":[0,0],"5":[0,0],"6":[0,0],"7":[0,0],"8":[0,0]}}
[...]
p/my-app/src/hoc/WithDataFeatching.js","statementMap":{"0":{"start":{"line":4,"column":26},"end":{"line":51,"column":1}},"1":{"start":{"line":5,"column":28},"end":{"line":32,"column":5}},"2":{"start":{"line":6,"column":32},"end":{"line":30,"column":9}},"3":{"start":{"line":7,"column":36},"end":{"line":7,"column":46}},"4":{"start":{"line":8,"column":42},"end":{"line":8,"column":52}},"5":{"start":{"line":9,"column":33},"end":{"line":22,"column":13}},"6":{"start":{"line":10,"column":16},"end":{"line":21,"column":17}},"7":{"start":{"line":11,"column":20},"end":{"line":11,"column":36}},"8":{"start":{"line":12,"column":37},"end":{"line":12,"column":53}},"9":{"start":{"line":13,"column":20},"end":{"line":13,"column":51}},"10":{"start":{"line":14,"column":37},"end":{"line":14,"column":58}},"11":{"start":{"line":15,"column":20},"end":{"line":15,"column":60}},"12":{"start":{"line":16,"column":20},"end":{"line":16,"column":38}},"13":{"start":{"line":17,"column":20},"end":{"line":17,"column":38}},"14":{"start":{"line":19,"column":20},"end":{"line":19,"column":38}},"15":{"start":{"line":20,"column":20},"end":{"line":20,"column":37}},"16":{"start":{"line":23,"column":12},"end":{"line":25,"column":18}},"17":{"start":{"line":24,"column":16},"end":{"line":24,"column":31}},"18":{"start":{"line":26,"column":12},"end":{"line":28,"column":13}},"19":{"start":{"line":27,"column":16},"end":{"line":27,"column":45}},"20":{"start":{"line":29,"column":12},"end":{"line":29,"column":55}},"21":{"start":{"line":31,"column":8},"end":{"line":31,"column":30}},"22":{"start":{"line":33,"column":24},"end":{"line":43,"column":5}},"23":{"start":{"line":34,"column":7},"end":{"line":42,"column":8}},"24":{"start":{"line":37,"column":19},"end":{"line":39,"column":20}},"25":{"start":{"line":44,"column":30},"end":{"line":44,"column":104}},"26":{"start":{"line":45,"column":2},"end":{"line":50,"column":3}}},"fnMap":{"0":{"name":"(anonymous_0)","decl":{"start":{"line":4,"column":26},"end":{"line":4,"column":27}},"loc":{"start":{"line":4,"column":32},"end":{"line":51,"column":1}},"line":4},"1":{"name":"(anonymous_1)","decl":{"start":{"line":5,"column":28},"end":{"line":5,"column":29}},"loc":{"start":{"line":5,"column":47},"end":{"line":32,"column":5}},"line":5},"2":{"name":"(anonymous_2)","decl":{"start":{"line":6,"column":32},"end":{"line":6,"column":33}},"loc":{"start":{"line":6,"column":42},"end":{"line":30,"column":9}},"line":6},"3":{"name":"(anonymous_3)","decl":{"start":{"line":9,"column":33},"end":{"line":9,"column":34}},"loc":{"start":{"line":9,"column":44},"end":{"line":22,"column":13}},"line":9},"4":{"name":"(anonymous_4)","decl":{"start":{"line":23,"column":22},"end":{"line":23,"column":23}},"loc":{"start":{"line":23,"column":26},"end":{"line":25,"column":13}},"line":23},"5":{"name":"(anonymous_5)","decl":{"start":{"line":33,"column":24},"end":{"line":33,"column":25}},"loc":{"start":{"line":33,"column":35},"end":{"line":43,"column":5}},"line":33},"6":{"name":"(anonymous_6)","decl":{"start":{"line":36,"column":33},"end":{"line":36,"column":34}},"loc":{"start":{"line":36,"column":41},"end":{"line":40,"column":16}},"line":36}},"branchMap":{"0":{"loc":{"start":{"line":26,"column":12},"end":{"line":28,"column":13}},"type":"if","locations":[{"start":{"line":26,"column":12},"end":{"line":28,"column":13}},{"start":{},"end":{}}],"line":26},"1":{"loc":{"start":{"line":36,"column":16},"end":{"line":40,"column":17}},"type":"binary-expr","locations":[{"start":{"line":36,"column":16},"end":{"line":36,"column":20}},{"start":{"line":36,"column":24},"end":{"line":40,"column":17}}],"line":36}},"s":{"0":0,"1":0,"2":0,"3":0,"4":0,"5":0,"6":0,"7":0,"8":0,"9":0,"10":0,"11":0,"12":0,"13":0,"14":0,"15":0,"16":0,"17":0,"18":0,"19":0,"20":0,"21":0,"22":0,"23":0,"24":0,"25":0,"26":0},"f":{"0":0,"1":0,"2":0,"3":0,"4":0,"5":0,"6":0},"b":{"0":[0,0],"1":[0,0]}}
,"/home/devikanth/Desktop/my-app/src/listObjects/AutoPopulation.js": {"path":"/home/devikanth/Desktop/my-app/src/listObjects/AutoPopulation.js","statementMap":{"0":{"start":{"line":3,"column":23},"end":{"line":26,"column":1}},"1":{"start":{"line":4,"column":30},"end":{"line":4,"column":40}},"2":{"start":{"line":5,"column":18},"end":{"line":9,"column":5}},"3":{"start":{"line":10,"column":20},"end":{"line":10,"column":60}},"4":{"start":{"line":10,"column":39},"end":{"line":10,"column":59}},"5":{"start":{"line":12,"column":4},"end":{"line":12,"column":34}},"6":{"start":{"line":13,"column":15},"end":{"line":13,"column":28}},"7":{"start":{"line":14,"column":16},"end":{"line":14,"column":30}},"8":{"start":{"line":15,"column":2},"end":{"line":25,"column":3}},"9":{"start":{"line":18,"column":70},"end":{"line":18,"column":94}}},"fnMap":{"0":{"name":"(anonymous_0)","decl":{"start":{"line":3,"column":23},"end":{"line":3,"column":24}},"loc":{"start":{"line":3,"column":29},"end":{"line":26,"column":1}},"line":3},"1":{"name":"(anonymous_1)","decl":{"start":{"line":10,"column":31},"end":{"line":10,"column":32}},"loc":{"start":{"line":10,"column":39},"end":{"line":10,"column":59}},"line":10},"2":{"name":"(anonymous_2)","decl":{"start":{"line":18,"column":64},"end":{"line":18,"column":65}},"loc":{"start":{"line":18,"column":69},"end":{"line":18,"column":95}},"line":18}},"branchMap":{"0":{"loc":{"start":{"line":20,"column":46},"end":{"line":20,"column":62}},"type":"cond-expr","locations":[{"start":{"line":20,"column":53},"end":{"line":20,"column":57}},{"start":{"line":20,"column":60},"end":{"line":20,"column":62}}],"line":20},"1":{"loc":{"start":{"line":22,"column":48},"end":{"line":22,"column":66}},"type":"cond-expr","locations":[{"start":{"line":22,"column":56},"end":{"line":22,"column":61}},{"start":{"line":22,"column":64},"end":{"line":22,"column":66}}],"line":22}},"s":{"0":0,"1":0,"2":0,"3":0,"4":0,"5":0,"6":0,"7":0,"8":0,"9":0},"f":{"0":0,"1":0,"2":0},"b":{"0":[0,0],"1":[0,0]}}
,"/home/devikanth/Desktop/my-app/src/listObjects/DuplicateObjects.js": {"path":"/home/devikanth/Desktop/my-app/src/listObjects/DuplicateObjects.js","statementMap":{"0":{"start":{"line":3,"column":25},"end":{"line":14,"column":1}},"1":{"start":{"line":4,"column":21},"end":{"line":8,"column":7}},"2":{"start":{"line":9,"column":25},"end":{"line":9,"column":74}},"3":{"start":{"line":9,"column":51},"end":{"line":9,"column":73}},"4":{"start":{"line":10,"column":6},"end":{"line":10,"column":44}},"5":{"start":{"line":11,"column":2},"end":{"line":13,"column":3}}},"fnMap":{"0":{"name":"(anonymous_0)","decl":{"start":{"line":3,"column":25},"end":{"line":3,"column":26}},"loc":{"start":{"line":3,"column":31},"end":{"line":14,"column":1}},"line":3},"1":{"name":"(anonymous_1)","decl":{"start":{"line":9,"column":43},"end":{"line":9,"column":44}},"loc":{"start":{"line":9,"column":51},"end":{"line":9,"column":73}},"line":9}},"branchMap":{},"s":{"0":0,"1":0,"2":0,"3":0,"4":0,"5":0},"f":{"0":0,"1":0},"b":{}}
,"/home/devikanth/Desktop/my-app/src/otp/Otp.js": {"path":"/home/devikanth/Desktop/my-app/src/otp/Otp.js","statementMap":{"0":{"start":{"line":3,"column":12},"end":{"line":60,"column":1}},"1":{"start":{"line":4,"column":32},"end":{"line":4,"column":58}},"2":{"start":{"line":5,"column":40},"end":{"line":5,"column":51}},"3":{"start":{"line":6,"column":20},"end":{"line":6,"column":30}},"4":{"start":{"line":8,"column":2},"end":{"line":10,"column":9}},"5":{"start":{"line":9,"column":4},"end":{"line":9,"column":34}},"6":{"start":{"line":12,"column":28},"end":{"line":25,"column":3}},"7":{"start":{"line":13,"column":22},"end":{"line":13,"column":30}},"8":{"start":{"line":14,"column":4},"end":{"line":19,"column":7}},"9":{"start":{"line":15,"column":24},"end":{"line":15,"column":39}},"10":{"start":{"line":16,"column":6},"end":{"line":16,"column":31}},"11":{"start":{"line":17,"column":6},"end":{"line":17,"column":37}},"12":{"start":{"line":18,"column":6},"end":{"line":18,"column":23}},"13":{"start":{"line":21,"column":4},"end":{"line":24,"column":5}},"14":{"start":{"line":22,"column":6},"end":{"line":22,"column":32}},"15":{"start":{"line":23,"column":6},"end":{"line":23,"column":43}},"16":{"start":{"line":27,"column":29},"end":{"line":32,"column":3}},"17":{"start":{"line":28,"column":4},"end":{"line":31,"column":5}},"18":{"start":{"line":29,"column":6},"end":{"line":29,"column":32}},"19":{"start":{"line":30,"column":6},"end":{"line":30,"column":43}},"20":{"start":{"line":34,"column":23},"end":{"line":57,"column":3}},"21":{"start":{"line":35,"column":19},"end":{"line":35,"column":21}},"22":{"start":{"line":37,"column":4},"end":{"line":54,"column":5}},"23":{"start":{"line":37,"column":17},"end":{"line":37,"column":18}},"24":{"start":{"line":38,"column":23},"end":{"line":38,"column":40}},"25":{"start":{"line":40,"column":6},"end":{"line":53,"column":8}},"26":{"start":{"line":43,"column":25},"end":{"line":43,"column":51}},"27":{"start":{"line":47,"column":27},"end":{"line":47,"column":50}},"28":{"start":{"line":48,"column":28},"end":{"line":48,"column":52}},"29":{"start":{"line":56,"column":4},"end":{"line":56,"column":18}},"30":{"start":{"line":59,"column":2},"end":{"line":59,"column":37}}},"fnMap":{"0":{"name":"(anonymous_0)","decl":{"start":{"line":3,"column":12},"end":{"line":3,"column":13}},"loc":{"start":{"line":3,"column":18},"end":{"line":60,"column":1}},"line":3},"1":{"name":"(anonymous_1)","decl":{"start":{"line":8,"column":12},"end":{"line":8,"column":13}},"loc":{"start":{"line":8,"column":18},"end":{"line":10,"column":3}},"line":8},"2":{"name":"(anonymous_2)","decl":{"start":{"line":12,"column":28},"end":{"line":12,"column":29}},"loc":{"start":{"line":12,"column":42},"end":{"line":25,"column":3}},"line":12},"3":{"name":"(anonymous_3)","decl":{"start":{"line":14,"column":14},"end":{"line":14,"column":15}},"loc":{"start":{"line":14,"column":30},"end":{"line":19,"column":5}},"line":14},"4":{"name":"(anonymous_4)","decl":{"start":{"line":27,"column":29},"end":{"line":27,"column":30}},"loc":{"start":{"line":27,"column":43},"end":{"line":32,"column":3}},"line":27},"5":{"name":"(anonymous_5)","decl":{"start":{"line":34,"column":23},"end":{"line":34,"column":24}},"loc":{"start":{"line":34,"column":29},"end":{"line":57,"column":3}},"line":34},"6":{"name":"(anonymous_6)","decl":{"start":{"line":43,"column":15},"end":{"line":43,"column":16}},"loc":{"start":{"line":43,"column":25},"end":{"line":43,"column":51}},"line":43},"7":{"name":"(anonymous_7)","decl":{"start":{"line":47,"column":20},"end":{"line":47,"column":21}},"loc":{"start":{"line":47,"column":27},"end":{"line":47,"column":50}},"line":47},"8":{"name":"(anonymous_8)","decl":{"start":{"line":48,"column":21},"end":{"line":48,"column":22}},"loc":{"start":{"line":48,"column":28},"end":{"line":48,"column":52}},"line":48}},"branchMap":{"0":{"loc":{"start":{"line":21,"column":4},"end":{"line":24,"column":5}},"type":"if","locations":[{"start":{"line":21,"column":4},"end":{"line":24,"column":5}},{"start":{},"end":{}}],"line":21},"1":{"loc":{"start":{"line":21,"column":8},"end":{"line":21,"column":53}},"type":"binary-expr","locations":[{"start":{"line":21,"column":8},"end":{"line":21,"column":13}},{"start":{"line":21,"column":17},"end":{"line":21,"column":53}}],"line":21},"2":{"loc":{"start":{"line":28,"column":4},"end":{"line":31,"column":5}},"type":"if","locations":[{"start":{"line":28,"column":4},"end":{"line":31,"column":5}},{"start":{},"end":{}}],"line":28},"3":{"loc":{"start":{"line":28,"column":8},"end":{"line":28,"column":60}},"type":"binary-expr","locations":[{"start":{"line":28,"column":8},"end":{"line":28,"column":29}},{"start":{"line":28,"column":33},"end":{"line":28,"column":47}},{"start":{"line":28,"column":51},"end":{"line":28,"column":60}}],"line":28},"4":{"loc":{"start":{"line":50,"column":20},"end":{"line":50,"column":66}},"type":"cond-expr","locations":[{"start":{"line":50,"column":31},"end":{"line":50,"column":47}},{"start":{"line":50,"column":50},"end":{"line":50,"column":66}}],"line":50}},"s":{"0":0,"1":0,"2":0,"3":0,"4":0,"5":0,"6":0,"7":0,"8":0,"9":0,"10":0,"11":0,"12":0,"13":0,"14":0,"15":0,"16":0,"17":0,"18":0,"19":0,"20":0,"21":0,"22":0,"23":0,"24":0,"25":0,"26":0,"27":0,"28":0,"29":0,"30":0},"f":{"0":0,"1":0,"2":0,"3":0,"4":0,"5":0,"6":0,"7":0,"8":0},"b":{"0":[0,0],"1":[0,0],"2":[0,0],"3":[0,0,0],"4":[0,0]}}
,"/home/devikanth/Desktop/my-app/src/refs/ChaildRef.js": {"path":"/home/devikanth/Desktop/my-app/src/refs/ChaildRef.js","statementMap":{"0":{"start":{"line":3,"column":18},"end":{"line":9,"column":2}},"1":{"start":{"line":4,"column":1},"end":{"line":8,"column":7}}},"fnMap":{"0":{"name":"(anonymous_0)","decl":{"start":{"line":3,"column":35},"end":{"line":3,"column":36}},"loc":{"start":{"line":4,"column":1},"end":{"line":8,"column":7}},"line":4}},"branchMap":{},"s":{"0":0,"1":0},"f":{"0":0},"b":{}}
,"/home/devikanth/Desktop/my-app/src/refs/ForwardRef.js": {"path":"/home/devikanth/Desktop/my-app/src/refs/ForwardRef.js","statementMap":{"0":{"start":{"line":3,"column":19},"end":{"line":35,"column":1}},"1":{"start":{"line":4,"column":21},"end":{"line":4,"column":29}},"2":{"start":{"line":5,"column":4},"end":{"line":5,"column":25}},"3":{"start":{"line":6,"column":24},"end":{"line":11,"column":5}},"4":{"start":{"line":7,"column":8},"end":{"line":7,"column":32}},"5":{"start":{"line":8,"column":8},"end":{"line":10,"column":9}},"6":{"start":{"line":9,"column":12},"end":{"line":9,"column":94}},"7":{"start":{"line":19,"column":28},"end":{"line":25,"column":5}},"8":{"start":{"line":20,"column":8},"end":{"line":24,"column":9}},"9":{"start":{"line":26,"column":2},"end":{"line":34,"column":3}},"10":{"start":{"line":32,"column":21},"end":{"line":32,"column":34}}},"fnMap":{"0":{"name":"(anonymous_0)","decl":{"start":{"line":3,"column":19},"end":{"line":3,"column":20}},"loc":{"start":{"line":3,"column":25},"end":{"line":35,"column":1}},"line":3},"1":{"name":"(anonymous_1)","decl":{"start":{"line":6,"column":24},"end":{"line":6,"column":25}},"loc":{"start":{"line":6,"column":29},"end":{"line":11,"column":5}},"line":6},"2":{"name":"(anonymous_2)","decl":{"start":{"line":19,"column":28},"end":{"line":19,"column":29}},"loc":{"start":{"line":19,"column":38},"end":{"line":25,"column":5}},"line":19},"3":{"name":"(anonymous_3)","decl":{"start":{"line":32,"column":16},"end":{"line":32,"column":17}},"loc":{"start":{"line":32,"column":20},"end":{"line":32,"column":35}},"line":32}},"branchMap":{"0":{"loc":{"start":{"line":8,"column":8},"end":{"line":10,"column":9}},"type":"if","locations":[{"start":{"line":8,"column":8},"end":{"line":10,"column":9}},{"start":{},"end":{}}],"line":8}},"s":{"0":0,"1":0,"2":0,"3":0,"4":0,"5":0,"6":0,"7":0,"8":0,"9":0,"10":0},"f":{"0":0,"1":0,"2":0,"3":0},"b":{"0":[0,0]}}
,"/home/devikanth/Desktop/my-app/src/refs/ParentRef.js": {"path":"/home/devikanth/Desktop/my-app/src/refs/ParentRef.js","statementMap":{"0":{"start":{"line":4,"column":18},"end":{"line":16,"column":1}},"1":{"start":{"line":5,"column":19},"end":{"line":5,"column":27}},"2":{"start":{"line":6,"column":24},"end":{"line":8,"column":5}},"3":{"start":{"line":7,"column":8},"end":{"line":7,"column":45}},"4":{"start":{"line":9,"column":2},"end":{"line":15,"column":3}}},"fnMap":{"0":{"name":"(anonymous_0)","decl":{"start":{"line":4,"column":18},"end":{"line":4,"column":19}},"loc":{"start":{"line":4,"column":24},"end":{"line":16,"column":1}},"line":4},"1":{"name":"(anonymous_1)","decl":{"start":{"line":6,"column":24},"end":{"line":6,"column":25}},"loc":{"start":{"line":6,"column":29},"end":{"line":8,"column":5}},"line":6}},"branchMap":{},"s":{"0":0,"1":0,"2":0,"3":0,"4":0},"f":{"0":0,"1":0},"b":{}}
,"/home/devikanth/Desktop/my-app/src/useCallBack/ChaildrenComponent.js": {"path":"/home/devikanth/Desktop/my-app/src/useCallBack/ChaildrenComponent.js","statementMap":{"0":{"start":{"line":3,"column":27},"end":{"line":11,"column":1}},"1":{"start":{"line":4,"column":4},"end":{"line":4,"column":40}},"2":{"start":{"line":5,"column":2},"end":{"line":10,"column":3}}},"fnMap":{"0":{"name":"(anonymous_0)","decl":{"start":{"line":3,"column":27},"end":{"line":3,"column":28}},"loc":{"start":{"line":3,"column":70},"end":{"line":11,"column":1}},"line":3}},"branchMap":{},"s":{"0":0,"1":0,"2":0},"f":{"0":0},"b":{}}
,"/home/devikanth/Desktop/my-app/src/useCallBack/ParentComponent.js": {"path":"/home/devikanth/Desktop/my-app/src/useCallBack/ParentComponent.js","statementMap":{"0":{"start":{"line":4,"column":24},"end":{"line":43,"column":1}},"1":{"start":{"line":5,"column":28},"end":{"line":5,"column":39}},"2":{"start":{"line":6,"column":44},"end":{"line":6,"column":56}},"3":{"start":{"line":13,"column":24},"end":{"line":17,"column":5}},"4":{"start":{"line":14,"column":8},"end":{"line":14,"column":44}},"5":{"start":{"line":15,"column":8},"end":{"line":15,"column":27}},"6":{"start":{"line":16,"column":8},"end":{"line":16,"column":34}},"7":{"start":{"line":28,"column":30},"end":{"line":30,"column":18}},"8":{"start":{"line":29,"column":4},"end":{"line":29,"column":73}},"9":{"start":{"line":29,"column":36},"end":{"line":29,"column":72}},"10":{"start":{"line":33,"column":2},"end":{"line":42,"column":3}}},"fnMap":{"0":{"name":"(anonymous_0)","decl":{"start":{"line":4,"column":24},"end":{"line":4,"column":25}},"loc":{"start":{"line":4,"column":30},"end":{"line":43,"column":1}},"line":4},"1":{"name":"(anonymous_1)","decl":{"start":{"line":13,"column":24},"end":{"line":13,"column":25}},"loc":{"start":{"line":13,"column":29},"end":{"line":17,"column":5}},"line":13},"2":{"name":"(anonymous_2)","decl":{"start":{"line":28,"column":42},"end":{"line":28,"column":43}},"loc":{"start":{"line":28,"column":48},"end":{"line":30,"column":1}},"line":28},"3":{"name":"(anonymous_3)","decl":{"start":{"line":29,"column":21},"end":{"line":29,"column":22}},"loc":{"start":{"line":29,"column":36},"end":{"line":29,"column":72}},"line":29}},"branchMap":{},"s":{"0":0,"1":0,"2":0,"3":0,"4":0,"5":0,"6":0,"7":0,"8":0,"9":0,"10":0},"f":{"0":0,"1":0,"2":0,"3":0},"b":{}}
,"/home/devikanth/Desktop/my-app/src/useMemo/ChaildComponent.js": {"path":"/home/devikanth/Desktop/my-app/src/useMemo/ChaildComponent.js","statementMap":{"0":{"start":{"line":3,"column":24},"end":{"line":8,"column":1}},"1":{"start":{"line":4,"column":4},"end":{"line":4,"column":43}},"2":{"start":{"line":5,"column":2},"end":{"line":7,"column":3}}},"fnMap":{"0":{"name":"(anonymous_0)","decl":{"start":{"line":3,"column":24},"end":{"line":3,"column":25}},"loc":{"start":{"line":3,"column":30},"end":{"line":8,"column":1}},"line":3}},"branchMap":{},"s":{"0":0,"1":0,"2":0},"f":{"0":0},"b":{}}
,"/home/devikanth/Desktop/my-app/src/useMemo/useMemo.js": {"path":"/home/devikanth/Desktop/my-app/src/useMemo/useMemo.js","statementMap":{"0":{"start":{"line":4,"column":20},"end":{"line":20,"column":1}},"1":{"start":{"line":5,"column":30},"end":{"line":5,"column":41}},"2":{"start":{"line":6,"column":26},"end":{"line":10,"column":14}},"3":{"start":{"line":7,"column":8},"end":{"line":7,"column":35}},"4":{"start":{"line":8,"column":8},"end":{"line":8,"column":35}},"5":{"start":{"line":11,"column":2},"end":{"line":19,"column":3}},"6":{"start":{"line":16,"column":27},"end":{"line":16,"column":44}},"7":{"start":{"line":17,"column":27},"end":{"line":17,"column":44}}},"fnMap":{"0":{"name":"(anonymous_0)","decl":{"start":{"line":4,"column":20},"end":{"line":4,"column":21}},"loc":{"start":{"line":4,"column":26},"end":{"line":20,"column":1}},"line":4},"1":{"name":"(anonymous_1)","decl":{"start":{"line":6,"column":34},"end":{"line":6,"column":35}},"loc":{"start":{"line":6,"column":38},"end":{"line":10,"column":5}},"line":6},"2":{"name":"(anonymous_2)","decl":{"start":{"line":16,"column":23},"end":{"line":16,"column":24}},"loc":{"start":{"line":16,"column":27},"end":{"line":16,"column":44}},"line":16},"3":{"name":"(anonymous_3)","decl":{"start":{"line":17,"column":23},"end":{"line":17,"column":24}},"loc":{"start":{"line":17,"column":27},"end":{"line":17,"column":44}},"line":17}},"branchMap":{},"s":{"0":0,"1":0,"2":0,"3":0,"4":0,"5":0,"6":0,"7":0},"f":{"0":0,"1":0,"2":0,"3":0},"b":{}}
}
